#
# There is insufficient memory for the Java Runtime Environment to continue.
# Native memory allocation (mmap) failed to map 132120576 bytes for Failed to commit area from 0x0000000083800000 to 0x000000008b600000 of length 132120576.
# Possible reasons:
#   The system is out of physical RAM or swap space
#   The process is running with CompressedOops enabled, and the Java Heap may be blocking the growth of the native heap
# Possible solutions:
#   Reduce memory load on the system
#   Increase physical memory or swap space
#   Check if swap backing store is full
#   Decrease Java heap size (-Xmx/-Xms)
#   Decrease number of Java threads
#   Decrease Java thread stack sizes (-Xss)
#   Set larger code cache with -XX:ReservedCodeCacheSize=
# This output file may be truncated or incomplete.
#
#  Out of Memory Error (./open/src/hotspot/os/windows/os_windows.cpp:3273), pid=15268, tid=6484
#
# JRE version:  (11.0.11+9) (build )
# Java VM: Java HotSpot(TM) 64-Bit Server VM (11.0.11+9-LTS-194, mixed mode, sharing, tiered, compressed oops, g1 gc, windows-amd64)
# No core dump will be written. Minidumps are not enabled by default on client versions of Windows
#

---------------  S U M M A R Y ------------

Command Line: -Dfile.encoding=Cp1252 --module-path=D:\CLminton\CLminton\bin;E:\Others\openjfx-17.0.7_windows-x64_bin-sdk\javafx-sdk-17.0.7\lib\javafx.base.jar;E:\Others\openjfx-17.0.7_windows-x64_bin-sdk\javafx-sdk-17.0.7\lib\javafx.controls.jar;E:\Others\openjfx-17.0.7_windows-x64_bin-sdk\javafx-sdk-17.0.7\lib\javafx.fxml.jar;E:\Others\openjfx-17.0.7_windows-x64_bin-sdk\javafx-sdk-17.0.7\lib\javafx.graphics.jar;E:\Others\openjfx-17.0.7_windows-x64_bin-sdk\javafx-sdk-17.0.7\lib\javafx.media.jar;E:\Others\openjfx-17.0.7_windows-x64_bin-sdk\javafx-sdk-17.0.7\lib\javafx.swing.jar;E:\Others\openjfx-17.0.7_windows-x64_bin-sdk\javafx-sdk-17.0.7\lib\javafx.web.jar;E:\Others\openjfx-17.0.7_windows-x64_bin-sdk\javafx-sdk-17.0.7\lib\javafx-swt.jar;E:\Others\openjfx-17.0.7_windows-x64_bin-sdk\javafx-sdk-17.0.7\lib\jfxtras-labs-9.0-r1.jar;E:\Projects\MySQL Java Connection Library\mysql-connector-java-8.0.24.jar -Djdk.module.main=CLminton CLminton/view.Login

Host: Intel(R) Core(TM) i5-10400T CPU @ 2.00GHz, 12 cores, 7G,  Windows 10 , 64 bit Build 19041 (10.0.19041.3031)
Time: Sat Dec 23 12:26:09 2023 SE Asia Standard Time elapsed time: 0.025146 seconds (0d 0h 0m 0s)

---------------  T H R E A D  ---------------

Current thread (0x000001df99d17800):  JavaThread "Unknown thread" [_thread_in_vm, id=6484, stack(0x0000008745400000,0x0000008745500000)]

Stack: [0x0000008745400000,0x0000008745500000]
Native frames: (J=compiled Java code, j=interpreted, Vv=VM code, C=native code)
V  [jvm.dll+0x616f2a]
V  [jvm.dll+0x74de7f]
V  [jvm.dll+0x74f505]
V  [jvm.dll+0x74fb83]
V  [jvm.dll+0x2436d8]
V  [jvm.dll+0x61431a]
V  [jvm.dll+0x6090f5]
V  [jvm.dll+0x2f7eec]
V  [jvm.dll+0x2f7d72]
V  [jvm.dll+0x2fca26]
V  [jvm.dll+0x33efef]
V  [jvm.dll+0x33ea20]
V  [jvm.dll+0x2d5608]
V  [jvm.dll+0x2d6766]
V  [jvm.dll+0x7299e7]
V  [jvm.dll+0x72b28f]
V  [jvm.dll+0x34bd39]
V  [jvm.dll+0x70f360]
V  [jvm.dll+0x3b50df]
V  [jvm.dll+0x3b71e1]
C  [jli.dll+0x520b]
C  [ucrtbase.dll+0x21bb2]
C  [KERNEL32.DLL+0x17614]
C  [ntdll.dll+0x526f1]


---------------  P R O C E S S  ---------------

Threads class SMR info:
_java_thread_list=0x000001df99b10210, length=0, elements={
}

Java Threads: ( => current thread )

Other Threads:
  0x000001df99d2b800 GCTaskThread "GC Thread#0" [stack: 0x0000008745500000,0x0000008745600000] [id=3524]
  0x000001df99d5f000 ConcurrentGCThread "G1 Main Marker" [stack: 0x0000008745600000,0x0000008745700000] [id=4256]
  0x000001df99d60800 ConcurrentGCThread "G1 Conc#0" [stack: 0x0000008745700000,0x0000008745800000] [id=2888]

[error occurred during error reporting (printing all threads), id 0xc0000005, EXCEPTION_ACCESS_VIOLATION (0xc0000005) at pc=0x00007ffc763d4857]

VM state:not at safepoint (not fully initialized)

VM Mutex/Monitor currently owned by a thread:  ([mutex/lock_event])
[0x000001df99d13eb0] Heap_lock - owner thread: 0x000001df99d17800

Heap address: 0x0000000083800000, size: 1992 MB, Compressed Oops mode: Non-zero based: 0x0000000083800000
Narrow klass base: 0x0000000000000000, Narrow klass shift: 0

GC Heap History (0 events):
No events

Deoptimization events (0 events):
No events

Classes redefined (0 events):
No events

Internal exceptions (0 events):
No events

Events (0 events):
No events


Dynamic libraries:
0x00007ff6a16d0000 - 0x00007ff6a16df000 	E:\Others\jdk-11.0.11\bin\javaw.exe
0x00007ffd03d90000 - 0x00007ffd03f88000 	C:\Windows\SYSTEM32\ntdll.dll
0x00007ffd031b0000 - 0x00007ffd0326f000 	C:\Windows\System32\KERNEL32.DLL
0x00007ffd01570000 - 0x00007ffd01866000 	C:\Windows\System32\KERNELBASE.dll
0x00007ffd01c60000 - 0x00007ffd01d60000 	C:\Windows\System32\ucrtbase.dll
0x00007ffcd39c0000 - 0x00007ffcd39d5000 	E:\Others\jdk-11.0.11\bin\VCRUNTIME140.dll
0x00007ffcd39e0000 - 0x00007ffcd39f8000 	E:\Others\jdk-11.0.11\bin\jli.dll
0x00007ffd01e00000 - 0x00007ffd01eaf000 	C:\Windows\System32\ADVAPI32.dll
0x00007ffd02e00000 - 0x00007ffd02e9e000 	C:\Windows\System32\msvcrt.dll
0x00007ffd03c10000 - 0x00007ffd03cac000 	C:\Windows\System32\sechost.dll
0x00007ffd02140000 - 0x00007ffd02266000 	C:\Windows\System32\RPCRT4.dll
0x00007ffd01f30000 - 0x00007ffd020cd000 	C:\Windows\System32\USER32.dll
0x00007ffcd5320000 - 0x00007ffcd55ba000 	C:\Windows\WinSxS\amd64_microsoft.windows.common-controls_6595b64144ccf1df_6.0.19041.1110_none_60b5254171f9507e\COMCTL32.dll
0x00007ffd01510000 - 0x00007ffd01532000 	C:\Windows\System32\win32u.dll
0x00007ffd03070000 - 0x00007ffd0309c000 	C:\Windows\System32\GDI32.dll
0x00007ffd01b40000 - 0x00007ffd01c55000 	C:\Windows\System32\gdi32full.dll
0x00007ffd01470000 - 0x00007ffd0150d000 	C:\Windows\System32\msvcp_win.dll
0x00007ffcfa980000 - 0x00007ffcfa98a000 	C:\Windows\SYSTEM32\VERSION.dll
0x00007ffd026e0000 - 0x00007ffd02710000 	C:\Windows\System32\IMM32.DLL
0x00007ffcd3530000 - 0x00007ffcd35cb000 	E:\Others\jdk-11.0.11\bin\msvcp140.dll
0x00007ffc760f0000 - 0x00007ffc76bee000 	E:\Others\jdk-11.0.11\bin\server\jvm.dll
0x00007ffd03cb0000 - 0x00007ffd03cb8000 	C:\Windows\System32\PSAPI.DLL
0x00007ffcdfc40000 - 0x00007ffcdfc49000 	C:\Windows\SYSTEM32\WSOCK32.dll
0x00007ffce3d30000 - 0x00007ffce3d57000 	C:\Windows\SYSTEM32\WINMM.dll
0x00007ffd03ba0000 - 0x00007ffd03c0b000 	C:\Windows\System32\WS2_32.dll
0x00007ffcff340000 - 0x00007ffcff352000 	C:\Windows\SYSTEM32\kernel.appcore.dll
0x00007ffcd3bf0000 - 0x00007ffcd3c00000 	E:\Others\jdk-11.0.11\bin\verify.dll
0x00007ffcdfc50000 - 0x00007ffcdfe34000 	C:\Windows\SYSTEM32\DBGHELP.DLL
0x00007ffcdf910000 - 0x00007ffcdf944000 	C:\Windows\SYSTEM32\dbgcore.DLL
0x00007ffd01d60000 - 0x00007ffd01de2000 	C:\Windows\System32\bcryptPrimitives.dll
0x00007ffcd3990000 - 0x00007ffcd39b8000 	E:\Others\jdk-11.0.11\bin\java.dll
0x00007ffcd3980000 - 0x00007ffcd398a000 	E:\Others\jdk-11.0.11\bin\jimage.dll
0x00007ffcd3960000 - 0x00007ffcd3976000 	E:\Others\jdk-11.0.11\bin\zip.dll

dbghelp: loaded successfully - version: 4.0.5 - missing functions: none
symbol engine: initialized successfully - sym options: 0x614 - pdb path: .;E:\Others\jdk-11.0.11\bin;C:\Windows\SYSTEM32;C:\Windows\WinSxS\amd64_microsoft.windows.common-controls_6595b64144ccf1df_6.0.19041.1110_none_60b5254171f9507e;E:\Others\jdk-11.0.11\bin\server

VM Arguments:
jvm_args: -Dfile.encoding=Cp1252 --module-path=D:\CLminton\CLminton\bin;E:\Others\openjfx-17.0.7_windows-x64_bin-sdk\javafx-sdk-17.0.7\lib\javafx.base.jar;E:\Others\openjfx-17.0.7_windows-x64_bin-sdk\javafx-sdk-17.0.7\lib\javafx.controls.jar;E:\Others\openjfx-17.0.7_windows-x64_bin-sdk\javafx-sdk-17.0.7\lib\javafx.fxml.jar;E:\Others\openjfx-17.0.7_windows-x64_bin-sdk\javafx-sdk-17.0.7\lib\javafx.graphics.jar;E:\Others\openjfx-17.0.7_windows-x64_bin-sdk\javafx-sdk-17.0.7\lib\javafx.media.jar;E:\Others\openjfx-17.0.7_windows-x64_bin-sdk\javafx-sdk-17.0.7\lib\javafx.swing.jar;E:\Others\openjfx-17.0.7_windows-x64_bin-sdk\javafx-sdk-17.0.7\lib\javafx.web.jar;E:\Others\openjfx-17.0.7_windows-x64_bin-sdk\javafx-sdk-17.0.7\lib\javafx-swt.jar;E:\Others\openjfx-17.0.7_windows-x64_bin-sdk\javafx-sdk-17.0.7\lib\jfxtras-labs-9.0-r1.jar;E:\Projects\MySQL Java Connection Library\mysql-connector-java-8.0.24.jar -Djdk.module.main=CLminton 
java_command: CLminton/view.Login
java_class_path (initial): <not set>
Launcher Type: SUN_STANDARD

[Global flags]
     intx CICompilerCount                          = 4                                         {product} {ergonomic}
     uint ConcGCThreads                            = 3                                         {product} {ergonomic}
     uint G1ConcRefinementThreads                  = 10                                        {product} {ergonomic}
   size_t G1HeapRegionSize                         = 1048576                                   {product} {ergonomic}
    uintx GCDrainStackTargetSize                   = 64                                        {product} {ergonomic}
   size_t InitialHeapSize                          = 132120576                                 {product} {ergonomic}
   size_t MarkStackSize                            = 4194304                                   {product} {ergonomic}
   size_t MaxHeapSize                              = 2088763392                                {product} {ergonomic}
   size_t MinHeapDeltaBytes                        = 1048576                                   {product} {ergonomic}
    uintx NonNMethodCodeHeapSize                   = 5836300                                {pd product} {ergonomic}
    uintx NonProfiledCodeHeapSize                  = 122910970                              {pd product} {ergonomic}
    uintx ProfiledCodeHeapSize                     = 122910970                              {pd product} {ergonomic}
    uintx ReservedCodeCacheSize                    = 251658240                              {pd product} {ergonomic}
     bool SegmentedCodeCache                       = true                                      {product} {ergonomic}
     bool UseCompressedClassPointers               = true                                 {lp64_product} {ergonomic}
     bool UseCompressedOops                        = true                                 {lp64_product} {ergonomic}
     bool UseG1GC                                  = true                                      {product} {ergonomic}
     bool UseLargePagesIndividualAllocation        = false                                  {pd product} {ergonomic}

Logging:
Log output configuration:
 #0: stdout all=warning uptime,level,tags
 #1: stderr all=off uptime,level,tags

Environment Variables:
PATH=C:\Program Files\Python310\Scripts\;C:\Program Files\Python310\;C:\Program Files\Python37\Scripts\;C:\Program Files\Python37\;C:\Program Files\Common Files\Oracle\Java\javapath;C:\Program Files (x86)\Common Files\Oracle\Java\javapath;C:\Windows\system32;C:\Windows;C:\Windows\System32\Wbem;C:\Windows\System32\WindowsPowerShell\v1.0\;C:\Windows\System32\OpenSSH\;C:\ProgramData\anaconda3;C:\ProgramData\anaconda3\Scripts;C:\Program Files\Microsoft VS Code\bin;C:\xampp\php;C:\ProgramData\ComposerSetup\bin;C:\Users\root\AppData\Local\Microsoft\WindowsApps;C:\Users\root\AppData\Roaming\Composer\vendor\bin;C:\Program Files\MongoDB\Server\4.4\bin;C:\Program Files\nodejs\;C:\Users\root\AppData\Local\Microsoft\WindowsApps;C:\Users\root\AppData\Roaming\Composer\vendor\bin;C:\Users\root\AppData\Roaming\npm;C:\Program Files (x86)\VMware\VMware VIX;C:\Program Files (x86)\Microsoft SQL Server\150\Tools\Binn\;C:\Program Files\Microsoft SQL Server\150\Tools\Binn\;C:\Program Files (x86)\Microsoft SQL Server\150\DTS\Binn\;C:\Program Files\Microsoft SQL Server\150\DTS\Binn\;C:\Program Files\Microsoft SQL Server\Client SDK\ODBC\170\Tools\Binn\;C:\Program Files\Azure Data Studio\bin;C:\Program Files\Microsoft SQL Server\130\Tools\Binn\;C:\Program Files\dotnet\;C:\Program Files\Microsoft SQL Server\140\DTS\Binn\;C:\Program Files\Microsoft SQL Server\160\DTS\Binn\;C:\Program Files\Git\cmd;C:\Users\prk\AppData\Local\Microsoft\WindowsApps;
USERNAME=prk
OS=Windows_NT
PROCESSOR_IDENTIFIER=Intel64 Family 6 Model 165 Stepping 3, GenuineIntel



---------------  S Y S T E M  ---------------

OS: Windows 10 , 64 bit Build 19041 (10.0.19041.3031)

CPU:total 12 (initial active 12) (6 cores per cpu, 2 threads per core) family 6 model 165 stepping 3 microcode 0xea, cmov, cx8, fxsr, mmx, sse, sse2, sse3, ssse3, sse4.1, sse4.2, popcnt, avx, avx2, aes, clmul, erms, 3dnowpref, lzcnt, ht, tsc, tscinvbit, bmi1, bmi2, adx, fma

Memory: 4k page, system-wide physical 7967M (178M free)
TotalPageFile size 12063M (AvailPageFile size 126M)
current process WorkingSet (physical memory assigned to process): 10M, peak: 10M
current process commit charge ("private bytes"): 64M, peak: 190M

vm_info: Java HotSpot(TM) 64-Bit Server VM (11.0.11+9-LTS-194) for windows-amd64 JRE (11.0.11+9-LTS-194), built on Mar 18 2021 18:46:53 by "mach5one" with MS VC++ 15.9 (VS2017)

END.
