#
# There is insufficient memory for the Java Runtime Environment to continue.
# Native memory allocation (malloc) failed to allocate 264816 bytes for Chunk::new
# Possible reasons:
#   The system is out of physical RAM or swap space
#   The process is running with CompressedOops enabled, and the Java Heap may be blocking the growth of the native heap
# Possible solutions:
#   Reduce memory load on the system
#   Increase physical memory or swap space
#   Check if swap backing store is full
#   Decrease Java heap size (-Xmx/-Xms)
#   Decrease number of Java threads
#   Decrease Java thread stack sizes (-Xss)
#   Set larger code cache with -XX:ReservedCodeCacheSize=
#   JVM is running with Unscaled Compressed Oops mode in which the Java heap is
#     placed in the first 4GB address space. The Java Heap base address is the
#     maximum limit for the native heap growth. Please use -XX:HeapBaseMinAddress
#     to set the Java Heap base and to place the Java Heap above 4GB virtual address.
# This output file may be truncated or incomplete.
#
#  Out of Memory Error (./open/src/hotspot/share/memory/arena.cpp:197), pid=5592, tid=25832
#
# JRE version: Java(TM) SE Runtime Environment 18.9 (11.0.18+9) (build 11.0.18+9-LTS-195)
# Java VM: Java HotSpot(TM) 64-Bit Server VM 18.9 (11.0.18+9-LTS-195, mixed mode, tiered, compressed oops, g1 gc, windows-amd64)
# No core dump will be written. Minidumps are not enabled by default on client versions of Windows
#

---------------  S U M M A R Y ------------

Command Line: -Dfile.encoding=Cp1252 --module-path=D:\BAD\CLminton\CLminton\CLminton\bin;C:\Users\steve\Downloads\mysql-connector-java-8.0.24.jar;C:\Users\steve\Downloads\openjfx-17.0.7_windows-x64_bin-sdk\javafx-sdk-17.0.7\lib\javafx.base.jar;C:\Users\steve\Downloads\openjfx-17.0.7_windows-x64_bin-sdk\javafx-sdk-17.0.7\lib\javafx.controls.jar;C:\Users\steve\Downloads\openjfx-17.0.7_windows-x64_bin-sdk\javafx-sdk-17.0.7\lib\javafx.fxml.jar;C:\Users\steve\Downloads\openjfx-17.0.7_windows-x64_bin-sdk\javafx-sdk-17.0.7\lib\javafx.graphics.jar;C:\Users\steve\Downloads\openjfx-17.0.7_windows-x64_bin-sdk\javafx-sdk-17.0.7\lib\javafx.media.jar;C:\Users\steve\Downloads\openjfx-17.0.7_windows-x64_bin-sdk\javafx-sdk-17.0.7\lib\javafx.swing.jar;C:\Users\steve\Downloads\openjfx-17.0.7_windows-x64_bin-sdk\javafx-sdk-17.0.7\lib\javafx.web.jar;C:\Users\steve\Downloads\openjfx-17.0.7_windows-x64_bin-sdk\javafx-sdk-17.0.7\lib\javafx-swt.jar -Djdk.module.main=CLminton CLminton/view.HistoryAdminPage

Host: AMD Ryzen 7 5700U with Radeon Graphics         , 16 cores, 5G,  Windows 11 , 64 bit Build 22621 (10.0.22621.2506)
Time: Sat Dec 23 10:45:38 2023 SE Asia Standard Time elapsed time: 0.484169 seconds (0d 0h 0m 0s)

---------------  T H R E A D  ---------------

Current thread (0x000001a9f0751000):  JavaThread "C2 CompilerThread0" daemon [_thread_in_native, id=25832, stack(0x0000008dbce00000,0x0000008dbcf00000)]


Current CompileTask:
C2:    484  421       4       java.util.HashMap::putVal (300 bytes)

Stack: [0x0000008dbce00000,0x0000008dbcf00000]
Native frames: (J=compiled Java code, j=interpreted, Vv=VM code, C=native code)
V  [jvm.dll+0x65d8aa]
V  [jvm.dll+0x79fc1f]
V  [jvm.dll+0x7a12e9]
V  [jvm.dll+0x7a1983]
V  [jvm.dll+0x2585b5]
V  [jvm.dll+0xb284c]
V  [jvm.dll+0xb2e0c]
V  [jvm.dll+0x365ddf]
V  [jvm.dll+0x32eb15]
V  [jvm.dll+0x32defa]
V  [jvm.dll+0x2113ad]
V  [jvm.dll+0x210378]
V  [jvm.dll+0x18c641]
V  [jvm.dll+0x220609]
V  [jvm.dll+0x21e92c]
V  [jvm.dll+0x763f61]
V  [jvm.dll+0x75c924]
V  [jvm.dll+0x65c755]
C  [ucrtbase.dll+0x29363]
C  [KERNEL32.DLL+0x1257d]
C  [ntdll.dll+0x5aa58]


---------------  P R O C E S S  ---------------

Threads class SMR info:
_java_thread_list=0x000001a9f1233d60, length=11, elements={
0x000001a9d2ffa000, 0x000001a9f0701800, 0x000001a9f0734800, 0x000001a9f073f000,
0x000001a9f0740000, 0x000001a9f074b000, 0x000001a9f0751000, 0x000001a9f10c4000,
0x000001a9f075c000, 0x000001a9f06bb000, 0x000001a9f1282000
}

Java Threads: ( => current thread )
  0x000001a9d2ffa000 JavaThread "main" [_thread_in_vm, id=15072, stack(0x0000008dbc200000,0x0000008dbc300000)]
  0x000001a9f0701800 JavaThread "Reference Handler" daemon [_thread_blocked, id=7008, stack(0x0000008dbc900000,0x0000008dbca00000)]
  0x000001a9f0734800 JavaThread "Finalizer" daemon [_thread_blocked, id=9924, stack(0x0000008dbca00000,0x0000008dbcb00000)]
  0x000001a9f073f000 JavaThread "Signal Dispatcher" daemon [_thread_blocked, id=22448, stack(0x0000008dbcb00000,0x0000008dbcc00000)]
  0x000001a9f0740000 JavaThread "Attach Listener" daemon [_thread_blocked, id=26188, stack(0x0000008dbcc00000,0x0000008dbcd00000)]
  0x000001a9f074b000 JavaThread "Service Thread" daemon [_thread_blocked, id=16512, stack(0x0000008dbcd00000,0x0000008dbce00000)]
=>0x000001a9f0751000 JavaThread "C2 CompilerThread0" daemon [_thread_in_native, id=25832, stack(0x0000008dbce00000,0x0000008dbcf00000)]
  0x000001a9f10c4000 JavaThread "C1 CompilerThread0" daemon [_thread_blocked, id=8336, stack(0x0000008dbcf00000,0x0000008dbd000000)]
  0x000001a9f075c000 JavaThread "Sweeper thread" daemon [_thread_blocked, id=13760, stack(0x0000008dbd000000,0x0000008dbd100000)]
  0x000001a9f06bb000 JavaThread "Common-Cleaner" daemon [_thread_blocked, id=5804, stack(0x0000008dbd100000,0x0000008dbd200000)]
  0x000001a9f1282000 JavaThread "C1 CompilerThread1" daemon [_thread_blocked, id=20872, stack(0x0000008dbd200000,0x0000008dbd300000)]

Other Threads:
  0x000001a9f0700800 VMThread "VM Thread" [stack: 0x0000008dbc800000,0x0000008dbc900000] [id=17820]
  0x000001a9f136a800 WatcherThread [stack: 0x0000008dbd300000,0x0000008dbd400000] [id=21152]
  0x000001a9d300f000 GCTaskThread "GC Thread#0" [stack: 0x0000008dbc300000,0x0000008dbc400000] [id=8280]
  0x000001a9d3037800 ConcurrentGCThread "G1 Main Marker" [stack: 0x0000008dbc400000,0x0000008dbc500000] [id=9172]
  0x000001a9d303b000 ConcurrentGCThread "G1 Conc#0" [stack: 0x0000008dbc500000,0x0000008dbc600000] [id=20224]
  0x000001a9f0570800 ConcurrentGCThread "G1 Refine#0" [stack: 0x0000008dbc600000,0x0000008dbc700000] [id=26256]
  0x000001a9f0571000 ConcurrentGCThread "G1 Young RemSet Sampling" [stack: 0x0000008dbc700000,0x0000008dbc800000] [id=8184]

Threads with active compile tasks:
C2 CompilerThread0      522  421       4       java.util.HashMap::putVal (300 bytes)

VM state:not at safepoint (normal execution)

VM Mutex/Monitor currently owned by a thread: None

Heap address: 0x00000000a2600000, size: 1498 MB, Compressed Oops mode: 32-bit
Narrow klass base: 0x0000000000000000, Narrow klass shift: 3
Compressed class space size: 1073741824 Address: 0x0000000100000000

Heap:
 garbage-first heap   total 96256K, used 9216K [0x00000000a2600000, 0x0000000100000000)
  region size 1024K, 11 young (11264K), 0 survivors (0K)
 Metaspace       used 7351K, capacity 7510K, committed 7680K, reserved 1056768K
  class space    used 699K, capacity 762K, committed 768K, reserved 1048576K
Heap Regions: E=young(eden), S=young(survivor), O=old, HS=humongous(starts), HC=humongous(continues), CS=collection set, F=free, A=archive, TAMS=top-at-mark-start (previous, next)
|   0|0x00000000a2600000, 0x00000000a2600000, 0x00000000a2700000|  0%| F|  |TAMS 0x00000000a2600000, 0x00000000a2600000| Untracked 
|   1|0x00000000a2700000, 0x00000000a2700000, 0x00000000a2800000|  0%| F|  |TAMS 0x00000000a2700000, 0x00000000a2700000| Untracked 
|   2|0x00000000a2800000, 0x00000000a2800000, 0x00000000a2900000|  0%| F|  |TAMS 0x00000000a2800000, 0x00000000a2800000| Untracked 
|   3|0x00000000a2900000, 0x00000000a2900000, 0x00000000a2a00000|  0%| F|  |TAMS 0x00000000a2900000, 0x00000000a2900000| Untracked 
|   4|0x00000000a2a00000, 0x00000000a2a00000, 0x00000000a2b00000|  0%| F|  |TAMS 0x00000000a2a00000, 0x00000000a2a00000| Untracked 
|   5|0x00000000a2b00000, 0x00000000a2b00000, 0x00000000a2c00000|  0%| F|  |TAMS 0x00000000a2b00000, 0x00000000a2b00000| Untracked 
|   6|0x00000000a2c00000, 0x00000000a2c00000, 0x00000000a2d00000|  0%| F|  |TAMS 0x00000000a2c00000, 0x00000000a2c00000| Untracked 
|   7|0x00000000a2d00000, 0x00000000a2d00000, 0x00000000a2e00000|  0%| F|  |TAMS 0x00000000a2d00000, 0x00000000a2d00000| Untracked 
|   8|0x00000000a2e00000, 0x00000000a2e00000, 0x00000000a2f00000|  0%| F|  |TAMS 0x00000000a2e00000, 0x00000000a2e00000| Untracked 
|   9|0x00000000a2f00000, 0x00000000a2f00000, 0x00000000a3000000|  0%| F|  |TAMS 0x00000000a2f00000, 0x00000000a2f00000| Untracked 
|  10|0x00000000a3000000, 0x00000000a3000000, 0x00000000a3100000|  0%| F|  |TAMS 0x00000000a3000000, 0x00000000a3000000| Untracked 
|  11|0x00000000a3100000, 0x00000000a3100000, 0x00000000a3200000|  0%| F|  |TAMS 0x00000000a3100000, 0x00000000a3100000| Untracked 
|  12|0x00000000a3200000, 0x00000000a3200000, 0x00000000a3300000|  0%| F|  |TAMS 0x00000000a3200000, 0x00000000a3200000| Untracked 
|  13|0x00000000a3300000, 0x00000000a3300000, 0x00000000a3400000|  0%| F|  |TAMS 0x00000000a3300000, 0x00000000a3300000| Untracked 
|  14|0x00000000a3400000, 0x00000000a3400000, 0x00000000a3500000|  0%| F|  |TAMS 0x00000000a3400000, 0x00000000a3400000| Untracked 
|  15|0x00000000a3500000, 0x00000000a3500000, 0x00000000a3600000|  0%| F|  |TAMS 0x00000000a3500000, 0x00000000a3500000| Untracked 
|  16|0x00000000a3600000, 0x00000000a3600000, 0x00000000a3700000|  0%| F|  |TAMS 0x00000000a3600000, 0x00000000a3600000| Untracked 
|  17|0x00000000a3700000, 0x00000000a3700000, 0x00000000a3800000|  0%| F|  |TAMS 0x00000000a3700000, 0x00000000a3700000| Untracked 
|  18|0x00000000a3800000, 0x00000000a3800000, 0x00000000a3900000|  0%| F|  |TAMS 0x00000000a3800000, 0x00000000a3800000| Untracked 
|  19|0x00000000a3900000, 0x00000000a3900000, 0x00000000a3a00000|  0%| F|  |TAMS 0x00000000a3900000, 0x00000000a3900000| Untracked 
|  20|0x00000000a3a00000, 0x00000000a3a00000, 0x00000000a3b00000|  0%| F|  |TAMS 0x00000000a3a00000, 0x00000000a3a00000| Untracked 
|  21|0x00000000a3b00000, 0x00000000a3b00000, 0x00000000a3c00000|  0%| F|  |TAMS 0x00000000a3b00000, 0x00000000a3b00000| Untracked 
|  22|0x00000000a3c00000, 0x00000000a3c00000, 0x00000000a3d00000|  0%| F|  |TAMS 0x00000000a3c00000, 0x00000000a3c00000| Untracked 
|  23|0x00000000a3d00000, 0x00000000a3d00000, 0x00000000a3e00000|  0%| F|  |TAMS 0x00000000a3d00000, 0x00000000a3d00000| Untracked 
|  24|0x00000000a3e00000, 0x00000000a3e00000, 0x00000000a3f00000|  0%| F|  |TAMS 0x00000000a3e00000, 0x00000000a3e00000| Untracked 
|  25|0x00000000a3f00000, 0x00000000a3f00000, 0x00000000a4000000|  0%| F|  |TAMS 0x00000000a3f00000, 0x00000000a3f00000| Untracked 
|  26|0x00000000a4000000, 0x00000000a4000000, 0x00000000a4100000|  0%| F|  |TAMS 0x00000000a4000000, 0x00000000a4000000| Untracked 
|  27|0x00000000a4100000, 0x00000000a4100000, 0x00000000a4200000|  0%| F|  |TAMS 0x00000000a4100000, 0x00000000a4100000| Untracked 
|  28|0x00000000a4200000, 0x00000000a4200000, 0x00000000a4300000|  0%| F|  |TAMS 0x00000000a4200000, 0x00000000a4200000| Untracked 
|  29|0x00000000a4300000, 0x00000000a4300000, 0x00000000a4400000|  0%| F|  |TAMS 0x00000000a4300000, 0x00000000a4300000| Untracked 
|  30|0x00000000a4400000, 0x00000000a4400000, 0x00000000a4500000|  0%| F|  |TAMS 0x00000000a4400000, 0x00000000a4400000| Untracked 
|  31|0x00000000a4500000, 0x00000000a4500000, 0x00000000a4600000|  0%| F|  |TAMS 0x00000000a4500000, 0x00000000a4500000| Untracked 
|  32|0x00000000a4600000, 0x00000000a4600000, 0x00000000a4700000|  0%| F|  |TAMS 0x00000000a4600000, 0x00000000a4600000| Untracked 
|  33|0x00000000a4700000, 0x00000000a4700000, 0x00000000a4800000|  0%| F|  |TAMS 0x00000000a4700000, 0x00000000a4700000| Untracked 
|  34|0x00000000a4800000, 0x00000000a4800000, 0x00000000a4900000|  0%| F|  |TAMS 0x00000000a4800000, 0x00000000a4800000| Untracked 
|  35|0x00000000a4900000, 0x00000000a4900000, 0x00000000a4a00000|  0%| F|  |TAMS 0x00000000a4900000, 0x00000000a4900000| Untracked 
|  36|0x00000000a4a00000, 0x00000000a4a00000, 0x00000000a4b00000|  0%| F|  |TAMS 0x00000000a4a00000, 0x00000000a4a00000| Untracked 
|  37|0x00000000a4b00000, 0x00000000a4b00000, 0x00000000a4c00000|  0%| F|  |TAMS 0x00000000a4b00000, 0x00000000a4b00000| Untracked 
|  38|0x00000000a4c00000, 0x00000000a4c00000, 0x00000000a4d00000|  0%| F|  |TAMS 0x00000000a4c00000, 0x00000000a4c00000| Untracked 
|  39|0x00000000a4d00000, 0x00000000a4d00000, 0x00000000a4e00000|  0%| F|  |TAMS 0x00000000a4d00000, 0x00000000a4d00000| Untracked 
|  40|0x00000000a4e00000, 0x00000000a4e00000, 0x00000000a4f00000|  0%| F|  |TAMS 0x00000000a4e00000, 0x00000000a4e00000| Untracked 
|  41|0x00000000a4f00000, 0x00000000a4f00000, 0x00000000a5000000|  0%| F|  |TAMS 0x00000000a4f00000, 0x00000000a4f00000| Untracked 
|  42|0x00000000a5000000, 0x00000000a5000000, 0x00000000a5100000|  0%| F|  |TAMS 0x00000000a5000000, 0x00000000a5000000| Untracked 
|  43|0x00000000a5100000, 0x00000000a5100000, 0x00000000a5200000|  0%| F|  |TAMS 0x00000000a5100000, 0x00000000a5100000| Untracked 
|  44|0x00000000a5200000, 0x00000000a5200000, 0x00000000a5300000|  0%| F|  |TAMS 0x00000000a5200000, 0x00000000a5200000| Untracked 
|  45|0x00000000a5300000, 0x00000000a5300000, 0x00000000a5400000|  0%| F|  |TAMS 0x00000000a5300000, 0x00000000a5300000| Untracked 
|  46|0x00000000a5400000, 0x00000000a5400000, 0x00000000a5500000|  0%| F|  |TAMS 0x00000000a5400000, 0x00000000a5400000| Untracked 
|  47|0x00000000a5500000, 0x00000000a5500000, 0x00000000a5600000|  0%| F|  |TAMS 0x00000000a5500000, 0x00000000a5500000| Untracked 
|  48|0x00000000a5600000, 0x00000000a5600000, 0x00000000a5700000|  0%| F|  |TAMS 0x00000000a5600000, 0x00000000a5600000| Untracked 
|  49|0x00000000a5700000, 0x00000000a5700000, 0x00000000a5800000|  0%| F|  |TAMS 0x00000000a5700000, 0x00000000a5700000| Untracked 
|  50|0x00000000a5800000, 0x00000000a5800000, 0x00000000a5900000|  0%| F|  |TAMS 0x00000000a5800000, 0x00000000a5800000| Untracked 
|  51|0x00000000a5900000, 0x00000000a5900000, 0x00000000a5a00000|  0%| F|  |TAMS 0x00000000a5900000, 0x00000000a5900000| Untracked 
|  52|0x00000000a5a00000, 0x00000000a5a00000, 0x00000000a5b00000|  0%| F|  |TAMS 0x00000000a5a00000, 0x00000000a5a00000| Untracked 
|  53|0x00000000a5b00000, 0x00000000a5b00000, 0x00000000a5c00000|  0%| F|  |TAMS 0x00000000a5b00000, 0x00000000a5b00000| Untracked 
|  54|0x00000000a5c00000, 0x00000000a5c00000, 0x00000000a5d00000|  0%| F|  |TAMS 0x00000000a5c00000, 0x00000000a5c00000| Untracked 
|  55|0x00000000a5d00000, 0x00000000a5d00000, 0x00000000a5e00000|  0%| F|  |TAMS 0x00000000a5d00000, 0x00000000a5d00000| Untracked 
|  56|0x00000000a5e00000, 0x00000000a5e00000, 0x00000000a5f00000|  0%| F|  |TAMS 0x00000000a5e00000, 0x00000000a5e00000| Untracked 
|  57|0x00000000a5f00000, 0x00000000a5f00000, 0x00000000a6000000|  0%| F|  |TAMS 0x00000000a5f00000, 0x00000000a5f00000| Untracked 
|  58|0x00000000a6000000, 0x00000000a6000000, 0x00000000a6100000|  0%| F|  |TAMS 0x00000000a6000000, 0x00000000a6000000| Untracked 
|  59|0x00000000a6100000, 0x00000000a6100000, 0x00000000a6200000|  0%| F|  |TAMS 0x00000000a6100000, 0x00000000a6100000| Untracked 
|  60|0x00000000a6200000, 0x00000000a6200000, 0x00000000a6300000|  0%| F|  |TAMS 0x00000000a6200000, 0x00000000a6200000| Untracked 
|  61|0x00000000a6300000, 0x00000000a6300000, 0x00000000a6400000|  0%| F|  |TAMS 0x00000000a6300000, 0x00000000a6300000| Untracked 
|  62|0x00000000a6400000, 0x00000000a6400000, 0x00000000a6500000|  0%| F|  |TAMS 0x00000000a6400000, 0x00000000a6400000| Untracked 
|  63|0x00000000a6500000, 0x00000000a6500000, 0x00000000a6600000|  0%| F|  |TAMS 0x00000000a6500000, 0x00000000a6500000| Untracked 
|  64|0x00000000a6600000, 0x00000000a6600000, 0x00000000a6700000|  0%| F|  |TAMS 0x00000000a6600000, 0x00000000a6600000| Untracked 
|  65|0x00000000a6700000, 0x00000000a6700000, 0x00000000a6800000|  0%| F|  |TAMS 0x00000000a6700000, 0x00000000a6700000| Untracked 
|  66|0x00000000a6800000, 0x00000000a6800000, 0x00000000a6900000|  0%| F|  |TAMS 0x00000000a6800000, 0x00000000a6800000| Untracked 
|  67|0x00000000a6900000, 0x00000000a6900000, 0x00000000a6a00000|  0%| F|  |TAMS 0x00000000a6900000, 0x00000000a6900000| Untracked 
|  68|0x00000000a6a00000, 0x00000000a6a00000, 0x00000000a6b00000|  0%| F|  |TAMS 0x00000000a6a00000, 0x00000000a6a00000| Untracked 
|  69|0x00000000a6b00000, 0x00000000a6b00000, 0x00000000a6c00000|  0%| F|  |TAMS 0x00000000a6b00000, 0x00000000a6b00000| Untracked 
|  70|0x00000000a6c00000, 0x00000000a6c00000, 0x00000000a6d00000|  0%| F|  |TAMS 0x00000000a6c00000, 0x00000000a6c00000| Untracked 
|  71|0x00000000a6d00000, 0x00000000a6d00000, 0x00000000a6e00000|  0%| F|  |TAMS 0x00000000a6d00000, 0x00000000a6d00000| Untracked 
|  72|0x00000000a6e00000, 0x00000000a6e00000, 0x00000000a6f00000|  0%| F|  |TAMS 0x00000000a6e00000, 0x00000000a6e00000| Untracked 
|  73|0x00000000a6f00000, 0x00000000a6f00000, 0x00000000a7000000|  0%| F|  |TAMS 0x00000000a6f00000, 0x00000000a6f00000| Untracked 
|  74|0x00000000a7000000, 0x00000000a7000000, 0x00000000a7100000|  0%| F|  |TAMS 0x00000000a7000000, 0x00000000a7000000| Untracked 
|  75|0x00000000a7100000, 0x00000000a7100000, 0x00000000a7200000|  0%| F|  |TAMS 0x00000000a7100000, 0x00000000a7100000| Untracked 
|  76|0x00000000a7200000, 0x00000000a7200000, 0x00000000a7300000|  0%| F|  |TAMS 0x00000000a7200000, 0x00000000a7200000| Untracked 
|  77|0x00000000a7300000, 0x00000000a7300000, 0x00000000a7400000|  0%| F|  |TAMS 0x00000000a7300000, 0x00000000a7300000| Untracked 
|  78|0x00000000a7400000, 0x00000000a7400000, 0x00000000a7500000|  0%| F|  |TAMS 0x00000000a7400000, 0x00000000a7400000| Untracked 
|  79|0x00000000a7500000, 0x00000000a7500000, 0x00000000a7600000|  0%| F|  |TAMS 0x00000000a7500000, 0x00000000a7500000| Untracked 
|  80|0x00000000a7600000, 0x00000000a7600000, 0x00000000a7700000|  0%| F|  |TAMS 0x00000000a7600000, 0x00000000a7600000| Untracked 
|  81|0x00000000a7700000, 0x00000000a7700000, 0x00000000a7800000|  0%| F|  |TAMS 0x00000000a7700000, 0x00000000a7700000| Untracked 
|  82|0x00000000a7800000, 0x00000000a7800000, 0x00000000a7900000|  0%| F|  |TAMS 0x00000000a7800000, 0x00000000a7800000| Untracked 
|  83|0x00000000a7900000, 0x00000000a797b548, 0x00000000a7a00000| 48%| E|  |TAMS 0x00000000a7900000, 0x00000000a7900000| Complete 
|  84|0x00000000a7a00000, 0x00000000a7b00000, 0x00000000a7b00000|100%| E|CS|TAMS 0x00000000a7a00000, 0x00000000a7a00000| Complete 
|  85|0x00000000a7b00000, 0x00000000a7c00000, 0x00000000a7c00000|100%| E|CS|TAMS 0x00000000a7b00000, 0x00000000a7b00000| Complete 
|  86|0x00000000a7c00000, 0x00000000a7d00000, 0x00000000a7d00000|100%| E|CS|TAMS 0x00000000a7c00000, 0x00000000a7c00000| Complete 
|  87|0x00000000a7d00000, 0x00000000a7e00000, 0x00000000a7e00000|100%| E|CS|TAMS 0x00000000a7d00000, 0x00000000a7d00000| Complete 
|  88|0x00000000a7e00000, 0x00000000a7f00000, 0x00000000a7f00000|100%| E|CS|TAMS 0x00000000a7e00000, 0x00000000a7e00000| Complete 
|  89|0x00000000a7f00000, 0x00000000a8000000, 0x00000000a8000000|100%| E|  |TAMS 0x00000000a7f00000, 0x00000000a7f00000| Complete 
|  90|0x00000000a8000000, 0x00000000a8100000, 0x00000000a8100000|100%| E|CS|TAMS 0x00000000a8000000, 0x00000000a8000000| Complete 
|  91|0x00000000a8100000, 0x00000000a8200000, 0x00000000a8200000|100%| E|CS|TAMS 0x00000000a8100000, 0x00000000a8100000| Complete 
|  92|0x00000000a8200000, 0x00000000a8300000, 0x00000000a8300000|100%| E|CS|TAMS 0x00000000a8200000, 0x00000000a8200000| Complete 
|  93|0x00000000a8300000, 0x00000000a8400000, 0x00000000a8400000|100%| E|CS|TAMS 0x00000000a8300000, 0x00000000a8300000| Complete 

Card table byte_map: [0x000001a9ea240000,0x000001a9ea530000] _byte_map_base: 0x000001a9e9d2d000

Marking Bits (Prev, Next): (CMBitMap*) 0x000001a9d3030d78, (CMBitMap*) 0x000001a9d3030db0
 Prev Bits: [0x000001a9ea820000, 0x000001a9ebf88000)
 Next Bits: [0x000001a9ebf90000, 0x000001a9ed6f8000)

Polling page: 0x000001a9d27d0000

Metaspace:

Usage:
  Non-class:      6.65 MB capacity,     6.54 MB ( 98%) used,   102.25 KB (  2%) free+waste,    11.00 KB ( <1%) overhead. 
      Class:    762.00 KB capacity,   707.62 KB ( 93%) used,    48.63 KB (  6%) free+waste,     5.75 KB ( <1%) overhead. 
       Both:      7.40 MB capacity,     7.23 MB ( 98%) used,   150.88 KB (  2%) free+waste,    16.75 KB ( <1%) overhead. 

Virtual space:
  Non-class space:        8.00 MB reserved,       6.75 MB ( 84%) committed 
      Class space:        1.00 GB reserved,     896.00 KB ( <1%) committed 
             Both:        1.01 GB reserved,       7.62 MB ( <1%) committed 

Chunk freelists:
   Non-Class:  4.50 KB
       Class:  768 bytes
        Both:  5.25 KB

CodeHeap 'non-profiled nmethods': size=119168Kb used=105Kb max_used=105Kb free=119062Kb
 bounds [0x000001a9e2270000, 0x000001a9e24e0000, 0x000001a9e96d0000]
CodeHeap 'profiled nmethods': size=119168Kb used=686Kb max_used=686Kb free=118481Kb
 bounds [0x000001a9dae10000, 0x000001a9db080000, 0x000001a9e2270000]
CodeHeap 'non-nmethods': size=7424Kb used=1626Kb max_used=1629Kb free=5797Kb
 bounds [0x000001a9da6d0000, 0x000001a9da940000, 0x000001a9dae10000]
 total_blobs=841 nmethods=481 adapters=271
 compilation: enabled
              stopped_count=0, restarted_count=0
 full_count=0

Compilation events (10 events):
Event: 0.458 Thread 0x000001a9f1282000 nmethod 462 0x000001a9daeb1390 code [0x000001a9daeb1580, 0x000001a9daeb1a98]
Event: 0.469 Thread 0x000001a9f10c4000  466       3       jdk.internal.misc.Unsafe::getLong (7 bytes)
Event: 0.469 Thread 0x000001a9f10c4000 nmethod 466 0x000001a9daeb1c90 code [0x000001a9daeb1e20, 0x000001a9daeb1f38]
Event: 0.475 Thread 0x000001a9f1282000  468       3       java.lang.StringLatin1::lastIndexOf (40 bytes)
Event: 0.475 Thread 0x000001a9f1282000 nmethod 468 0x000001a9daeb2010 code [0x000001a9daeb21e0, 0x000001a9daeb2598]
Event: 0.478 Thread 0x000001a9f10c4000  470       3       sun.invoke.util.BytecodeDescriptor::unparse (37 bytes)
Event: 0.479 Thread 0x000001a9f10c4000 nmethod 470 0x000001a9daeb2710 code [0x000001a9daeb2940, 0x000001a9daeb3018]
Event: 0.480 Thread 0x000001a9f1282000  471       1       java.lang.reflect.Method::getName (5 bytes)
Event: 0.480 Thread 0x000001a9f1282000 nmethod 471 0x000001a9e2287910 code [0x000001a9e2287aa0, 0x000001a9e2287b58]
Event: 0.481 Thread 0x000001a9f10c4000  473       3       java.lang.invoke.MethodHandles$Lookup::lookupClassOrNull (17 bytes)

GC Heap History (0 events):
No events

Deoptimization events (2 events):
Event: 0.429 Thread 0x000001a9d2ffa000 Uncommon trap: reason=unstable_if action=reinterpret pc=0x000001a9e22814ac method=java.util.ImmutableCollections$SetN.probe(Ljava/lang/Object;)I @ 34 c2
Event: 0.456 Thread 0x000001a9d2ffa000 Uncommon trap: reason=unstable_if action=reinterpret pc=0x000001a9e2274c70 method=java.lang.String.isLatin1()Z @ 10 c2

Classes redefined (0 events):
No events

Internal exceptions (6 events):
Event: 0.207 Thread 0x000001a9d2ffa000 Exception <a 'java/lang/NoSuchMethodError'{0x00000000a8221cf0}: java.lang.invoke.DirectMethodHandle$Holder.invokeSpecial(Ljava/lang/Object;Ljava/lang/Object;Ljava/lang/Object;Ljava/lang/Object;)I> (0x00000000a8221cf0) thrown at [./open/src/hotspot/share/i
Event: 0.213 Thread 0x000001a9d2ffa000 Exception <a 'java/lang/NoSuchMethodError'{0x00000000a822a048}: java.lang.invoke.DirectMethodHandle$Holder.invokeVirtual(Ljava/lang/Object;Ljava/lang/Object;)V> (0x00000000a822a048) thrown at [./open/src/hotspot/share/interpreter/linkResolver.cpp, line 77
Event: 0.282 Thread 0x000001a9d2ffa000 Exception <a 'java/lang/NoSuchMethodError'{0x00000000a8117710}: java.lang.invoke.DirectMethodHandle$Holder.invokeSpecialIFC(Ljava/lang/Object;Ljava/lang/Object;I)I> (0x00000000a8117710) thrown at [./open/src/hotspot/share/interpreter/linkResolver.cpp, lin
Event: 0.421 Thread 0x000001a9d2ffa000 Exception <a 'java/lang/NoSuchMethodError'{0x00000000a7cb9ed8}: java.lang.invoke.DirectMethodHandle$Holder.invokeSpecial(Ljava/lang/Object;Ljava/lang/Object;Ljava/lang/Object;Ljava/lang/Object;Ljava/lang/Object;)V> (0x00000000a7cb9ed8) thrown at [./open/s
Event: 0.426 Thread 0x000001a9d2ffa000 Exception <a 'java/lang/IncompatibleClassChangeError'{0x00000000a7cc80f8}: Found class java.lang.Object, but interface was expected> (0x00000000a7cc80f8) thrown at [./open/src/hotspot/share/interpreter/linkResolver.cpp, line 838]
Event: 0.427 Thread 0x000001a9d2ffa000 Exception <a 'java/lang/NoSuchMethodError'{0x00000000a7ccadd8}: java.lang.invoke.DirectMethodHandle$Holder.invokeStatic(Ljava/lang/Object;Ljava/lang/Object;Ljava/lang/Object;Ljava/lang/Object;)V> (0x00000000a7ccadd8) thrown at [./open/src/hotspot/share/in

Events (10 events):
Event: 0.479 loading class java/lang/Package
Event: 0.479 loading class java/lang/Package done
Event: 0.479 loading class java/lang/SecurityException
Event: 0.479 loading class java/lang/SecurityException done
Event: 0.479 loading class java/lang/reflect/AnnotatedType
Event: 0.479 loading class java/lang/reflect/AnnotatedType done
Event: 0.480 loading class java/util/concurrent/CountDownLatch
Event: 0.480 loading class java/util/concurrent/CountDownLatch done
Event: 0.481 loading class java/util/concurrent/CountDownLatch$Sync
Event: 0.481 loading class java/util/concurrent/CountDownLatch$Sync done


Dynamic libraries:
0x00007ff68a530000 - 0x00007ff68a540000 	C:\Program Files\Java\jdk-11\bin\javaw.exe
0x00007ffc4df30000 - 0x00007ffc4e147000 	C:\Windows\SYSTEM32\ntdll.dll
0x00007ffc4ce40000 - 0x00007ffc4cf04000 	C:\Windows\System32\KERNEL32.DLL
0x00007ffc4b670000 - 0x00007ffc4ba16000 	C:\Windows\System32\KERNELBASE.dll
0x00007ffc4bb60000 - 0x00007ffc4bc71000 	C:\Windows\System32\ucrtbase.dll
0x00007ffc48270000 - 0x00007ffc48288000 	C:\Program Files\Java\jdk-11\bin\jli.dll
0x00007ffc48290000 - 0x00007ffc482ab000 	C:\Program Files\Java\jdk-11\bin\VCRUNTIME140.dll
0x00007ffc4d2a0000 - 0x00007ffc4d351000 	C:\Windows\System32\ADVAPI32.dll
0x00007ffc4be80000 - 0x00007ffc4bf27000 	C:\Windows\System32\msvcrt.dll
0x00007ffc4de30000 - 0x00007ffc4ded5000 	C:\Windows\System32\sechost.dll
0x00007ffc4d8a0000 - 0x00007ffc4d9b7000 	C:\Windows\System32\RPCRT4.dll
0x00007ffc4bf30000 - 0x00007ffc4c0de000 	C:\Windows\System32\USER32.dll
0x00007ffc4bb30000 - 0x00007ffc4bb56000 	C:\Windows\System32\win32u.dll
0x00007ffc2a720000 - 0x00007ffc2a9b3000 	C:\Windows\WinSxS\amd64_microsoft.windows.common-controls_6595b64144ccf1df_6.0.22621.2506_none_270c5ae97388e100\COMCTL32.dll
0x00007ffc4c300000 - 0x00007ffc4c329000 	C:\Windows\System32\GDI32.dll
0x00007ffc4b550000 - 0x00007ffc4b668000 	C:\Windows\System32\gdi32full.dll
0x00007ffc4ba20000 - 0x00007ffc4baba000 	C:\Windows\System32\msvcp_win.dll
0x00007ffc422b0000 - 0x00007ffc422ba000 	C:\Windows\SYSTEM32\VERSION.dll
0x00007ffc4cd80000 - 0x00007ffc4cdb1000 	C:\Windows\System32\IMM32.DLL
0x00007ffc482c0000 - 0x00007ffc482cc000 	C:\Program Files\Java\jdk-11\bin\vcruntime140_1.dll
0x00007ffc3c1b0000 - 0x00007ffc3c23e000 	C:\Program Files\Java\jdk-11\bin\msvcp140.dll
0x00007ffbf3e70000 - 0x00007ffbf49d8000 	C:\Program Files\Java\jdk-11\bin\server\jvm.dll
0x00007ffc4dee0000 - 0x00007ffc4dee8000 	C:\Windows\System32\PSAPI.DLL
0x00007ffc43110000 - 0x00007ffc43144000 	C:\Windows\SYSTEM32\WINMM.dll
0x00007ffc23410000 - 0x00007ffc23419000 	C:\Windows\SYSTEM32\WSOCK32.dll
0x00007ffc4cdc0000 - 0x00007ffc4ce31000 	C:\Windows\System32\WS2_32.dll
0x00007ffc4a2a0000 - 0x00007ffc4a2b8000 	C:\Windows\SYSTEM32\kernel.appcore.dll
0x00007ffc44ce0000 - 0x00007ffc44cf0000 	C:\Program Files\Java\jdk-11\bin\verify.dll
0x00007ffc48ba0000 - 0x00007ffc48dd3000 	C:\Windows\SYSTEM32\DBGHELP.DLL
0x00007ffc4cf10000 - 0x00007ffc4d299000 	C:\Windows\System32\combase.dll
0x00007ffc4bda0000 - 0x00007ffc4be77000 	C:\Windows\System32\OLEAUT32.dll
0x00007ffc372e0000 - 0x00007ffc37312000 	C:\Windows\SYSTEM32\dbgcore.DLL
0x00007ffc4b4d0000 - 0x00007ffc4b54a000 	C:\Windows\System32\bcryptPrimitives.dll
0x00007ffc3c180000 - 0x00007ffc3c1a8000 	C:\Program Files\Java\jdk-11\bin\java.dll
0x00007ffc41640000 - 0x00007ffc4164a000 	C:\Program Files\Java\jdk-11\bin\jimage.dll
0x00007ffc3c120000 - 0x00007ffc3c137000 	C:\Program Files\Java\jdk-11\bin\zip.dll
0x00007ffc4c4b0000 - 0x00007ffc4cd0a000 	C:\Windows\System32\SHELL32.dll
0x00007ffc491c0000 - 0x00007ffc49ab6000 	C:\Windows\SYSTEM32\windows.storage.dll
0x00007ffc49080000 - 0x00007ffc491be000 	C:\Windows\SYSTEM32\wintypes.dll
0x00007ffc4c330000 - 0x00007ffc4c423000 	C:\Windows\System32\SHCORE.dll
0x00007ffc4c2a0000 - 0x00007ffc4c2fe000 	C:\Windows\System32\shlwapi.dll
0x00007ffc4b1d0000 - 0x00007ffc4b1f6000 	C:\Windows\SYSTEM32\profapi.dll
0x00007ffc3c100000 - 0x00007ffc3c119000 	C:\Program Files\Java\jdk-11\bin\net.dll
0x00007ffc441d0000 - 0x00007ffc44307000 	C:\Windows\SYSTEM32\WINHTTP.dll
0x00007ffc4a720000 - 0x00007ffc4a789000 	C:\Windows\system32\mswsock.dll
0x00007ffc3b390000 - 0x00007ffc3b3a2000 	C:\Program Files\Java\jdk-11\bin\nio.dll

dbghelp: loaded successfully - version: 4.0.5 - missing functions: none
symbol engine: initialized successfully - sym options: 0x614 - pdb path: .;C:\Program Files\Java\jdk-11\bin;C:\Windows\SYSTEM32;C:\Windows\WinSxS\amd64_microsoft.windows.common-controls_6595b64144ccf1df_6.0.22621.2506_none_270c5ae97388e100;C:\Program Files\Java\jdk-11\bin\server

VM Arguments:
jvm_args: -Dfile.encoding=Cp1252 --module-path=D:\BAD\CLminton\CLminton\CLminton\bin;C:\Users\steve\Downloads\mysql-connector-java-8.0.24.jar;C:\Users\steve\Downloads\openjfx-17.0.7_windows-x64_bin-sdk\javafx-sdk-17.0.7\lib\javafx.base.jar;C:\Users\steve\Downloads\openjfx-17.0.7_windows-x64_bin-sdk\javafx-sdk-17.0.7\lib\javafx.controls.jar;C:\Users\steve\Downloads\openjfx-17.0.7_windows-x64_bin-sdk\javafx-sdk-17.0.7\lib\javafx.fxml.jar;C:\Users\steve\Downloads\openjfx-17.0.7_windows-x64_bin-sdk\javafx-sdk-17.0.7\lib\javafx.graphics.jar;C:\Users\steve\Downloads\openjfx-17.0.7_windows-x64_bin-sdk\javafx-sdk-17.0.7\lib\javafx.media.jar;C:\Users\steve\Downloads\openjfx-17.0.7_windows-x64_bin-sdk\javafx-sdk-17.0.7\lib\javafx.swing.jar;C:\Users\steve\Downloads\openjfx-17.0.7_windows-x64_bin-sdk\javafx-sdk-17.0.7\lib\javafx.web.jar;C:\Users\steve\Downloads\openjfx-17.0.7_windows-x64_bin-sdk\javafx-sdk-17.0.7\lib\javafx-swt.jar -Djdk.module.main=CLminton 
java_command: CLminton/view.HistoryAdminPage
java_class_path (initial): <not set>
Launcher Type: SUN_STANDARD

[Global flags]
     intx CICompilerCount                          = 12                                        {product} {ergonomic}
     uint ConcGCThreads                            = 3                                         {product} {ergonomic}
     uint G1ConcRefinementThreads                  = 13                                        {product} {ergonomic}
   size_t G1HeapRegionSize                         = 1048576                                   {product} {ergonomic}
    uintx GCDrainStackTargetSize                   = 64                                        {product} {ergonomic}
   size_t InitialHeapSize                          = 98566144                                  {product} {ergonomic}
   size_t MarkStackSize                            = 4194304                                   {product} {ergonomic}
   size_t MaxHeapSize                              = 1570766848                                {product} {ergonomic}
   size_t MaxNewSize                               = 941621248                                 {product} {ergonomic}
   size_t MinHeapDeltaBytes                        = 1048576                                   {product} {ergonomic}
    uintx NonNMethodCodeHeapSize                   = 7594288                                {pd product} {ergonomic}
    uintx NonProfiledCodeHeapSize                  = 122031976                              {pd product} {ergonomic}
    uintx ProfiledCodeHeapSize                     = 122031976                              {pd product} {ergonomic}
    uintx ReservedCodeCacheSize                    = 251658240                              {pd product} {ergonomic}
     bool SegmentedCodeCache                       = true                                      {product} {ergonomic}
     bool UseCompressedClassPointers               = true                                 {lp64_product} {ergonomic}
     bool UseCompressedOops                        = true                                 {lp64_product} {ergonomic}
     bool UseG1GC                                  = true                                      {product} {ergonomic}
     bool UseLargePagesIndividualAllocation        = false                                  {pd product} {ergonomic}

Logging:
Log output configuration:
 #0: stdout all=warning uptime,level,tags
 #1: stderr all=off uptime,level,tags

Environment Variables:
PATH=C:/Program Files/Java/jre1.8.0_291/bin/server;C:/Program Files/Java/jre1.8.0_291/bin;C:/Program Files/Java/jre1.8.0_291/lib/amd64;C:\Program Files\Common Files\Oracle\Java\javapath;C:\Program Files (x86)\Common Files\Oracle\Java\javapath;C:\Windows\system32;C:\Windows;C:\Windows\System32\Wbem;C:\Windows\System32\WindowsPowerShell\v1.0\;C:\Windows\System32\OpenSSH\;C:\Program Files\Microsoft SQL Server\Client SDK\ODBC\170\Tools\Binn\;C:\Program Files (x86)\Microsoft SQL Server\150\Tools\Binn\;C:\Program Files\Microsoft SQL Server\150\Tools\Binn\;C:\Program Files\Microsoft SQL Server\150\DTS\Binn\;C:\Program Files (x86)\Microsoft SQL Server\150\DTS\Binn\;C:\Program Files\Azure Data Studio\bin;C:\Users\steve\AppData\Local\Microsoft\WindowsApps;;C:\Program Files\Azure Data Studio\bin;C:\Users\steve\Downloads\eclipse-java-2020-06-R-win32-x86_64\eclipse;
USERNAME=steve
OS=Windows_NT
PROCESSOR_IDENTIFIER=AMD64 Family 23 Model 104 Stepping 1, AuthenticAMD



---------------  S Y S T E M  ---------------

OS: Windows 11 , 64 bit Build 22621 (10.0.22621.2506)

CPU:total 16 (initial active 16) (16 cores per cpu, 2 threads per core) family 23 model 104 stepping 1 microcode 0x0, cmov, cx8, fxsr, mmx, sse, sse2, sse3, ssse3, sse4.1, sse4.2, popcnt, avx, avx2, aes, clmul, mmxext, 3dnowpref, lzcnt, sse4a, ht, tsc, tscinvbit, tscinv, bmi1, bmi2, adx,

Memory: 4k page, system-wide physical 5989M (270M free)
TotalPageFile size 24421M (AvailPageFile size 74M)
current process WorkingSet (physical memory assigned to process): 46M, peak: 46M
current process commit charge ("private bytes"): 184M, peak: 184M

vm_info: Java HotSpot(TM) 64-Bit Server VM (11.0.18+9-LTS-195) for windows-amd64 JRE (11.0.18+9-LTS-195), built on Dec  6 2022 15:50:58 by "mach5one" with MS VC++ 17.1 (VS2022)

END.
