#
# There is insufficient memory for the Java Runtime Environment to continue.
# Native memory allocation (malloc) failed to allocate 270096 bytes for Chunk::new
# Possible reasons:
#   The system is out of physical RAM or swap space
#   The process is running with CompressedOops enabled, and the Java Heap may be blocking the growth of the native heap
# Possible solutions:
#   Reduce memory load on the system
#   Increase physical memory or swap space
#   Check if swap backing store is full
#   Decrease Java heap size (-Xmx/-Xms)
#   Decrease number of Java threads
#   Decrease Java thread stack sizes (-Xss)
#   Set larger code cache with -XX:ReservedCodeCacheSize=
#   JVM is running with Unscaled Compressed Oops mode in which the Java heap is
#     placed in the first 4GB address space. The Java Heap base address is the
#     maximum limit for the native heap growth. Please use -XX:HeapBaseMinAddress
#     to set the Java Heap base and to place the Java Heap above 4GB virtual address.
# This output file may be truncated or incomplete.
#
#  Out of Memory Error (./open/src/hotspot/share/memory/arena.cpp:197), pid=7056, tid=26176
#
# JRE version: Java(TM) SE Runtime Environment 18.9 (11.0.18+9) (build 11.0.18+9-LTS-195)
# Java VM: Java HotSpot(TM) 64-Bit Server VM 18.9 (11.0.18+9-LTS-195, mixed mode, tiered, compressed oops, g1 gc, windows-amd64)
# No core dump will be written. Minidumps are not enabled by default on client versions of Windows
#

---------------  S U M M A R Y ------------

Command Line: -Dfile.encoding=Cp1252 --module-path=D:\BAD\CLminton\CLminton\CLminton\bin;C:\Users\steve\Downloads\mysql-connector-java-8.0.24.jar;C:\Users\steve\Downloads\openjfx-17.0.7_windows-x64_bin-sdk\javafx-sdk-17.0.7\lib\javafx.base.jar;C:\Users\steve\Downloads\openjfx-17.0.7_windows-x64_bin-sdk\javafx-sdk-17.0.7\lib\javafx.controls.jar;C:\Users\steve\Downloads\openjfx-17.0.7_windows-x64_bin-sdk\javafx-sdk-17.0.7\lib\javafx.fxml.jar;C:\Users\steve\Downloads\openjfx-17.0.7_windows-x64_bin-sdk\javafx-sdk-17.0.7\lib\javafx.graphics.jar;C:\Users\steve\Downloads\openjfx-17.0.7_windows-x64_bin-sdk\javafx-sdk-17.0.7\lib\javafx.media.jar;C:\Users\steve\Downloads\openjfx-17.0.7_windows-x64_bin-sdk\javafx-sdk-17.0.7\lib\javafx.swing.jar;C:\Users\steve\Downloads\openjfx-17.0.7_windows-x64_bin-sdk\javafx-sdk-17.0.7\lib\javafx.web.jar;C:\Users\steve\Downloads\openjfx-17.0.7_windows-x64_bin-sdk\javafx-sdk-17.0.7\lib\javafx-swt.jar -Djdk.module.main=CLminton CLminton/view.HistoryAdminPage

Host: AMD Ryzen 7 5700U with Radeon Graphics         , 16 cores, 5G,  Windows 11 , 64 bit Build 22621 (10.0.22621.2506)
Time: Sat Dec 23 10:44:05 2023 SE Asia Standard Time elapsed time: 0.813002 seconds (0d 0h 0m 0s)

---------------  T H R E A D  ---------------

Current thread (0x0000025e9917f000):  JavaThread "C2 CompilerThread1" daemon [_thread_in_native, id=26176, stack(0x000000b06e300000,0x000000b06e400000)]


Current CompileTask:
C2:    813  762       4       java.util.HashMap::putVal (300 bytes)

Stack: [0x000000b06e300000,0x000000b06e400000]
Native frames: (J=compiled Java code, j=interpreted, Vv=VM code, C=native code)
V  [jvm.dll+0x65d8aa]
V  [jvm.dll+0x79fc1f]
V  [jvm.dll+0x7a12e9]
V  [jvm.dll+0x7a1983]
V  [jvm.dll+0x2585b5]
V  [jvm.dll+0xb284c]
V  [jvm.dll+0xb2e0c]
V  [jvm.dll+0x365e21]
V  [jvm.dll+0x32eb15]
V  [jvm.dll+0x32defa]
V  [jvm.dll+0x2113ad]
V  [jvm.dll+0x210378]
V  [jvm.dll+0x18c641]
V  [jvm.dll+0x220609]
V  [jvm.dll+0x21e92c]
V  [jvm.dll+0x763f61]
V  [jvm.dll+0x75c924]
V  [jvm.dll+0x65c755]
C  [ucrtbase.dll+0x29363]
C  [KERNEL32.DLL+0x1257d]
C  [ntdll.dll+0x5aa58]


---------------  P R O C E S S  ---------------

Threads class SMR info:
_java_thread_list=0x0000025e990b7c60, length=14, elements={
0x0000025efaca9800, 0x0000025effd31000, 0x0000025effd5b000, 0x0000025effd6e000,
0x0000025effd6f800, 0x0000025effd70800, 0x0000025effd7b800, 0x0000025effd80000,
0x0000025effd89800, 0x0000025effceb000, 0x0000025e9902b800, 0x0000025e990b4800,
0x0000025e990b6800, 0x0000025e9917f000
}

Java Threads: ( => current thread )
  0x0000025efaca9800 JavaThread "main" [_thread_in_vm, id=12036, stack(0x000000b06d000000,0x000000b06d100000)]
  0x0000025effd31000 JavaThread "Reference Handler" daemon [_thread_blocked, id=16064, stack(0x000000b06d700000,0x000000b06d800000)]
  0x0000025effd5b000 JavaThread "Finalizer" daemon [_thread_blocked, id=10272, stack(0x000000b06d800000,0x000000b06d900000)]
  0x0000025effd6e000 JavaThread "Signal Dispatcher" daemon [_thread_blocked, id=16388, stack(0x000000b06d900000,0x000000b06da00000)]
  0x0000025effd6f800 JavaThread "Attach Listener" daemon [_thread_blocked, id=9128, stack(0x000000b06da00000,0x000000b06db00000)]
  0x0000025effd70800 JavaThread "Service Thread" daemon [_thread_blocked, id=25260, stack(0x000000b06db00000,0x000000b06dc00000)]
  0x0000025effd7b800 JavaThread "C2 CompilerThread0" daemon [_thread_in_native, id=19356, stack(0x000000b06dc00000,0x000000b06dd00000)]
  0x0000025effd80000 JavaThread "C1 CompilerThread0" daemon [_thread_blocked, id=5336, stack(0x000000b06dd00000,0x000000b06de00000)]
  0x0000025effd89800 JavaThread "Sweeper thread" daemon [_thread_blocked, id=17940, stack(0x000000b06de00000,0x000000b06df00000)]
  0x0000025effceb000 JavaThread "Common-Cleaner" daemon [_thread_blocked, id=13896, stack(0x000000b06df00000,0x000000b06e000000)]
  0x0000025e9902b800 JavaThread "C1 CompilerThread1" daemon [_thread_blocked, id=15976, stack(0x000000b06e000000,0x000000b06e100000)]
  0x0000025e990b4800 JavaThread "C1 CompilerThread2" daemon [_thread_blocked, id=3840, stack(0x000000b06e100000,0x000000b06e200000)]
  0x0000025e990b6800 JavaThread "C1 CompilerThread3" daemon [_thread_blocked, id=20824, stack(0x000000b06e200000,0x000000b06e300000)]
=>0x0000025e9917f000 JavaThread "C2 CompilerThread1" daemon [_thread_in_native, id=26176, stack(0x000000b06e300000,0x000000b06e400000)]

Other Threads:
  0x0000025effd2e800 VMThread "VM Thread" [stack: 0x000000b06d600000,0x000000b06d700000] [id=5148]
  0x0000025e99601000 WatcherThread [stack: 0x000000b06e400000,0x000000b06e500000] [id=10276]
  0x0000025efacbf000 GCTaskThread "GC Thread#0" [stack: 0x000000b06d100000,0x000000b06d200000] [id=15236]
  0x0000025eface7000 ConcurrentGCThread "G1 Main Marker" [stack: 0x000000b06d200000,0x000000b06d300000] [id=9008]
  0x0000025eface9800 ConcurrentGCThread "G1 Conc#0" [stack: 0x000000b06d300000,0x000000b06d400000] [id=6988]
  0x0000025efad77800 ConcurrentGCThread "G1 Refine#0" [stack: 0x000000b06d400000,0x000000b06d500000] [id=7612]
  0x0000025effba0800 ConcurrentGCThread "G1 Young RemSet Sampling" [stack: 0x000000b06d500000,0x000000b06d600000] [id=11704]

Threads with active compile tasks:
C2 CompilerThread0      843  801 %     4       java.util.zip.ZipFile$Source::hashN @ 2 (26 bytes)
C1 CompilerThread0      843  802       3       java.lang.ref.Cleaner::register (25 bytes)
C1 CompilerThread1      843  803       3       jdk.internal.ref.CleanerImpl$PhantomCleanableRef::<init> (12 bytes)
C2 CompilerThread1      843  762       4       java.util.HashMap::putVal (300 bytes)

VM state:not at safepoint (normal execution)

VM Mutex/Monitor currently owned by a thread: None

Heap address: 0x00000000a2600000, size: 1498 MB, Compressed Oops mode: 32-bit
Narrow klass base: 0x0000000000000000, Narrow klass shift: 3
Compressed class space size: 1073741824 Address: 0x0000000100000000

Heap:
 garbage-first heap   total 96256K, used 12288K [0x00000000a2600000, 0x0000000100000000)
  region size 1024K, 14 young (14336K), 0 survivors (0K)
 Metaspace       used 8396K, capacity 8643K, committed 8960K, reserved 1056768K
  class space    used 829K, capacity 937K, committed 1024K, reserved 1048576K
Heap Regions: E=young(eden), S=young(survivor), O=old, HS=humongous(starts), HC=humongous(continues), CS=collection set, F=free, A=archive, TAMS=top-at-mark-start (previous, next)
|   0|0x00000000a2600000, 0x00000000a2600000, 0x00000000a2700000|  0%| F|  |TAMS 0x00000000a2600000, 0x00000000a2600000| Untracked 
|   1|0x00000000a2700000, 0x00000000a2700000, 0x00000000a2800000|  0%| F|  |TAMS 0x00000000a2700000, 0x00000000a2700000| Untracked 
|   2|0x00000000a2800000, 0x00000000a2800000, 0x00000000a2900000|  0%| F|  |TAMS 0x00000000a2800000, 0x00000000a2800000| Untracked 
|   3|0x00000000a2900000, 0x00000000a2900000, 0x00000000a2a00000|  0%| F|  |TAMS 0x00000000a2900000, 0x00000000a2900000| Untracked 
|   4|0x00000000a2a00000, 0x00000000a2a00000, 0x00000000a2b00000|  0%| F|  |TAMS 0x00000000a2a00000, 0x00000000a2a00000| Untracked 
|   5|0x00000000a2b00000, 0x00000000a2b00000, 0x00000000a2c00000|  0%| F|  |TAMS 0x00000000a2b00000, 0x00000000a2b00000| Untracked 
|   6|0x00000000a2c00000, 0x00000000a2c00000, 0x00000000a2d00000|  0%| F|  |TAMS 0x00000000a2c00000, 0x00000000a2c00000| Untracked 
|   7|0x00000000a2d00000, 0x00000000a2d00000, 0x00000000a2e00000|  0%| F|  |TAMS 0x00000000a2d00000, 0x00000000a2d00000| Untracked 
|   8|0x00000000a2e00000, 0x00000000a2e00000, 0x00000000a2f00000|  0%| F|  |TAMS 0x00000000a2e00000, 0x00000000a2e00000| Untracked 
|   9|0x00000000a2f00000, 0x00000000a2f00000, 0x00000000a3000000|  0%| F|  |TAMS 0x00000000a2f00000, 0x00000000a2f00000| Untracked 
|  10|0x00000000a3000000, 0x00000000a3000000, 0x00000000a3100000|  0%| F|  |TAMS 0x00000000a3000000, 0x00000000a3000000| Untracked 
|  11|0x00000000a3100000, 0x00000000a3100000, 0x00000000a3200000|  0%| F|  |TAMS 0x00000000a3100000, 0x00000000a3100000| Untracked 
|  12|0x00000000a3200000, 0x00000000a3200000, 0x00000000a3300000|  0%| F|  |TAMS 0x00000000a3200000, 0x00000000a3200000| Untracked 
|  13|0x00000000a3300000, 0x00000000a3300000, 0x00000000a3400000|  0%| F|  |TAMS 0x00000000a3300000, 0x00000000a3300000| Untracked 
|  14|0x00000000a3400000, 0x00000000a3400000, 0x00000000a3500000|  0%| F|  |TAMS 0x00000000a3400000, 0x00000000a3400000| Untracked 
|  15|0x00000000a3500000, 0x00000000a3500000, 0x00000000a3600000|  0%| F|  |TAMS 0x00000000a3500000, 0x00000000a3500000| Untracked 
|  16|0x00000000a3600000, 0x00000000a3600000, 0x00000000a3700000|  0%| F|  |TAMS 0x00000000a3600000, 0x00000000a3600000| Untracked 
|  17|0x00000000a3700000, 0x00000000a3700000, 0x00000000a3800000|  0%| F|  |TAMS 0x00000000a3700000, 0x00000000a3700000| Untracked 
|  18|0x00000000a3800000, 0x00000000a3800000, 0x00000000a3900000|  0%| F|  |TAMS 0x00000000a3800000, 0x00000000a3800000| Untracked 
|  19|0x00000000a3900000, 0x00000000a3900000, 0x00000000a3a00000|  0%| F|  |TAMS 0x00000000a3900000, 0x00000000a3900000| Untracked 
|  20|0x00000000a3a00000, 0x00000000a3a00000, 0x00000000a3b00000|  0%| F|  |TAMS 0x00000000a3a00000, 0x00000000a3a00000| Untracked 
|  21|0x00000000a3b00000, 0x00000000a3b00000, 0x00000000a3c00000|  0%| F|  |TAMS 0x00000000a3b00000, 0x00000000a3b00000| Untracked 
|  22|0x00000000a3c00000, 0x00000000a3c00000, 0x00000000a3d00000|  0%| F|  |TAMS 0x00000000a3c00000, 0x00000000a3c00000| Untracked 
|  23|0x00000000a3d00000, 0x00000000a3d00000, 0x00000000a3e00000|  0%| F|  |TAMS 0x00000000a3d00000, 0x00000000a3d00000| Untracked 
|  24|0x00000000a3e00000, 0x00000000a3e00000, 0x00000000a3f00000|  0%| F|  |TAMS 0x00000000a3e00000, 0x00000000a3e00000| Untracked 
|  25|0x00000000a3f00000, 0x00000000a3f00000, 0x00000000a4000000|  0%| F|  |TAMS 0x00000000a3f00000, 0x00000000a3f00000| Untracked 
|  26|0x00000000a4000000, 0x00000000a4000000, 0x00000000a4100000|  0%| F|  |TAMS 0x00000000a4000000, 0x00000000a4000000| Untracked 
|  27|0x00000000a4100000, 0x00000000a4100000, 0x00000000a4200000|  0%| F|  |TAMS 0x00000000a4100000, 0x00000000a4100000| Untracked 
|  28|0x00000000a4200000, 0x00000000a4200000, 0x00000000a4300000|  0%| F|  |TAMS 0x00000000a4200000, 0x00000000a4200000| Untracked 
|  29|0x00000000a4300000, 0x00000000a4300000, 0x00000000a4400000|  0%| F|  |TAMS 0x00000000a4300000, 0x00000000a4300000| Untracked 
|  30|0x00000000a4400000, 0x00000000a4400000, 0x00000000a4500000|  0%| F|  |TAMS 0x00000000a4400000, 0x00000000a4400000| Untracked 
|  31|0x00000000a4500000, 0x00000000a4500000, 0x00000000a4600000|  0%| F|  |TAMS 0x00000000a4500000, 0x00000000a4500000| Untracked 
|  32|0x00000000a4600000, 0x00000000a4600000, 0x00000000a4700000|  0%| F|  |TAMS 0x00000000a4600000, 0x00000000a4600000| Untracked 
|  33|0x00000000a4700000, 0x00000000a4700000, 0x00000000a4800000|  0%| F|  |TAMS 0x00000000a4700000, 0x00000000a4700000| Untracked 
|  34|0x00000000a4800000, 0x00000000a4800000, 0x00000000a4900000|  0%| F|  |TAMS 0x00000000a4800000, 0x00000000a4800000| Untracked 
|  35|0x00000000a4900000, 0x00000000a4900000, 0x00000000a4a00000|  0%| F|  |TAMS 0x00000000a4900000, 0x00000000a4900000| Untracked 
|  36|0x00000000a4a00000, 0x00000000a4a00000, 0x00000000a4b00000|  0%| F|  |TAMS 0x00000000a4a00000, 0x00000000a4a00000| Untracked 
|  37|0x00000000a4b00000, 0x00000000a4b00000, 0x00000000a4c00000|  0%| F|  |TAMS 0x00000000a4b00000, 0x00000000a4b00000| Untracked 
|  38|0x00000000a4c00000, 0x00000000a4c00000, 0x00000000a4d00000|  0%| F|  |TAMS 0x00000000a4c00000, 0x00000000a4c00000| Untracked 
|  39|0x00000000a4d00000, 0x00000000a4d00000, 0x00000000a4e00000|  0%| F|  |TAMS 0x00000000a4d00000, 0x00000000a4d00000| Untracked 
|  40|0x00000000a4e00000, 0x00000000a4e00000, 0x00000000a4f00000|  0%| F|  |TAMS 0x00000000a4e00000, 0x00000000a4e00000| Untracked 
|  41|0x00000000a4f00000, 0x00000000a4f00000, 0x00000000a5000000|  0%| F|  |TAMS 0x00000000a4f00000, 0x00000000a4f00000| Untracked 
|  42|0x00000000a5000000, 0x00000000a5000000, 0x00000000a5100000|  0%| F|  |TAMS 0x00000000a5000000, 0x00000000a5000000| Untracked 
|  43|0x00000000a5100000, 0x00000000a5100000, 0x00000000a5200000|  0%| F|  |TAMS 0x00000000a5100000, 0x00000000a5100000| Untracked 
|  44|0x00000000a5200000, 0x00000000a5200000, 0x00000000a5300000|  0%| F|  |TAMS 0x00000000a5200000, 0x00000000a5200000| Untracked 
|  45|0x00000000a5300000, 0x00000000a5300000, 0x00000000a5400000|  0%| F|  |TAMS 0x00000000a5300000, 0x00000000a5300000| Untracked 
|  46|0x00000000a5400000, 0x00000000a5400000, 0x00000000a5500000|  0%| F|  |TAMS 0x00000000a5400000, 0x00000000a5400000| Untracked 
|  47|0x00000000a5500000, 0x00000000a5500000, 0x00000000a5600000|  0%| F|  |TAMS 0x00000000a5500000, 0x00000000a5500000| Untracked 
|  48|0x00000000a5600000, 0x00000000a5600000, 0x00000000a5700000|  0%| F|  |TAMS 0x00000000a5600000, 0x00000000a5600000| Untracked 
|  49|0x00000000a5700000, 0x00000000a5700000, 0x00000000a5800000|  0%| F|  |TAMS 0x00000000a5700000, 0x00000000a5700000| Untracked 
|  50|0x00000000a5800000, 0x00000000a5800000, 0x00000000a5900000|  0%| F|  |TAMS 0x00000000a5800000, 0x00000000a5800000| Untracked 
|  51|0x00000000a5900000, 0x00000000a5900000, 0x00000000a5a00000|  0%| F|  |TAMS 0x00000000a5900000, 0x00000000a5900000| Untracked 
|  52|0x00000000a5a00000, 0x00000000a5a00000, 0x00000000a5b00000|  0%| F|  |TAMS 0x00000000a5a00000, 0x00000000a5a00000| Untracked 
|  53|0x00000000a5b00000, 0x00000000a5b00000, 0x00000000a5c00000|  0%| F|  |TAMS 0x00000000a5b00000, 0x00000000a5b00000| Untracked 
|  54|0x00000000a5c00000, 0x00000000a5c00000, 0x00000000a5d00000|  0%| F|  |TAMS 0x00000000a5c00000, 0x00000000a5c00000| Untracked 
|  55|0x00000000a5d00000, 0x00000000a5d00000, 0x00000000a5e00000|  0%| F|  |TAMS 0x00000000a5d00000, 0x00000000a5d00000| Untracked 
|  56|0x00000000a5e00000, 0x00000000a5e00000, 0x00000000a5f00000|  0%| F|  |TAMS 0x00000000a5e00000, 0x00000000a5e00000| Untracked 
|  57|0x00000000a5f00000, 0x00000000a5f00000, 0x00000000a6000000|  0%| F|  |TAMS 0x00000000a5f00000, 0x00000000a5f00000| Untracked 
|  58|0x00000000a6000000, 0x00000000a6000000, 0x00000000a6100000|  0%| F|  |TAMS 0x00000000a6000000, 0x00000000a6000000| Untracked 
|  59|0x00000000a6100000, 0x00000000a6100000, 0x00000000a6200000|  0%| F|  |TAMS 0x00000000a6100000, 0x00000000a6100000| Untracked 
|  60|0x00000000a6200000, 0x00000000a6200000, 0x00000000a6300000|  0%| F|  |TAMS 0x00000000a6200000, 0x00000000a6200000| Untracked 
|  61|0x00000000a6300000, 0x00000000a6300000, 0x00000000a6400000|  0%| F|  |TAMS 0x00000000a6300000, 0x00000000a6300000| Untracked 
|  62|0x00000000a6400000, 0x00000000a6400000, 0x00000000a6500000|  0%| F|  |TAMS 0x00000000a6400000, 0x00000000a6400000| Untracked 
|  63|0x00000000a6500000, 0x00000000a6500000, 0x00000000a6600000|  0%| F|  |TAMS 0x00000000a6500000, 0x00000000a6500000| Untracked 
|  64|0x00000000a6600000, 0x00000000a6600000, 0x00000000a6700000|  0%| F|  |TAMS 0x00000000a6600000, 0x00000000a6600000| Untracked 
|  65|0x00000000a6700000, 0x00000000a6700000, 0x00000000a6800000|  0%| F|  |TAMS 0x00000000a6700000, 0x00000000a6700000| Untracked 
|  66|0x00000000a6800000, 0x00000000a6800000, 0x00000000a6900000|  0%| F|  |TAMS 0x00000000a6800000, 0x00000000a6800000| Untracked 
|  67|0x00000000a6900000, 0x00000000a6900000, 0x00000000a6a00000|  0%| F|  |TAMS 0x00000000a6900000, 0x00000000a6900000| Untracked 
|  68|0x00000000a6a00000, 0x00000000a6a00000, 0x00000000a6b00000|  0%| F|  |TAMS 0x00000000a6a00000, 0x00000000a6a00000| Untracked 
|  69|0x00000000a6b00000, 0x00000000a6b00000, 0x00000000a6c00000|  0%| F|  |TAMS 0x00000000a6b00000, 0x00000000a6b00000| Untracked 
|  70|0x00000000a6c00000, 0x00000000a6c00000, 0x00000000a6d00000|  0%| F|  |TAMS 0x00000000a6c00000, 0x00000000a6c00000| Untracked 
|  71|0x00000000a6d00000, 0x00000000a6d00000, 0x00000000a6e00000|  0%| F|  |TAMS 0x00000000a6d00000, 0x00000000a6d00000| Untracked 
|  72|0x00000000a6e00000, 0x00000000a6e00000, 0x00000000a6f00000|  0%| F|  |TAMS 0x00000000a6e00000, 0x00000000a6e00000| Untracked 
|  73|0x00000000a6f00000, 0x00000000a6f00000, 0x00000000a7000000|  0%| F|  |TAMS 0x00000000a6f00000, 0x00000000a6f00000| Untracked 
|  74|0x00000000a7000000, 0x00000000a7000000, 0x00000000a7100000|  0%| F|  |TAMS 0x00000000a7000000, 0x00000000a7000000| Untracked 
|  75|0x00000000a7100000, 0x00000000a7100000, 0x00000000a7200000|  0%| F|  |TAMS 0x00000000a7100000, 0x00000000a7100000| Untracked 
|  76|0x00000000a7200000, 0x00000000a7200000, 0x00000000a7300000|  0%| F|  |TAMS 0x00000000a7200000, 0x00000000a7200000| Untracked 
|  77|0x00000000a7300000, 0x00000000a7300000, 0x00000000a7400000|  0%| F|  |TAMS 0x00000000a7300000, 0x00000000a7300000| Untracked 
|  78|0x00000000a7400000, 0x00000000a7400000, 0x00000000a7500000|  0%| F|  |TAMS 0x00000000a7400000, 0x00000000a7400000| Untracked 
|  79|0x00000000a7500000, 0x00000000a7500000, 0x00000000a7600000|  0%| F|  |TAMS 0x00000000a7500000, 0x00000000a7500000| Untracked 
|  80|0x00000000a7600000, 0x00000000a76f7e70, 0x00000000a7700000| 96%| E|  |TAMS 0x00000000a7600000, 0x00000000a7600000| Complete 
|  81|0x00000000a7700000, 0x00000000a7800000, 0x00000000a7800000|100%| E|CS|TAMS 0x00000000a7700000, 0x00000000a7700000| Complete 
|  82|0x00000000a7800000, 0x00000000a7900000, 0x00000000a7900000|100%| E|CS|TAMS 0x00000000a7800000, 0x00000000a7800000| Complete 
|  83|0x00000000a7900000, 0x00000000a7a00000, 0x00000000a7a00000|100%| E|CS|TAMS 0x00000000a7900000, 0x00000000a7900000| Complete 
|  84|0x00000000a7a00000, 0x00000000a7b00000, 0x00000000a7b00000|100%| E|CS|TAMS 0x00000000a7a00000, 0x00000000a7a00000| Complete 
|  85|0x00000000a7b00000, 0x00000000a7c00000, 0x00000000a7c00000|100%| E|  |TAMS 0x00000000a7b00000, 0x00000000a7b00000| Complete 
|  86|0x00000000a7c00000, 0x00000000a7d00000, 0x00000000a7d00000|100%| E|CS|TAMS 0x00000000a7c00000, 0x00000000a7c00000| Complete 
|  87|0x00000000a7d00000, 0x00000000a7e00000, 0x00000000a7e00000|100%| E|CS|TAMS 0x00000000a7d00000, 0x00000000a7d00000| Complete 
|  88|0x00000000a7e00000, 0x00000000a7f00000, 0x00000000a7f00000|100%| E|CS|TAMS 0x00000000a7e00000, 0x00000000a7e00000| Complete 
|  89|0x00000000a7f00000, 0x00000000a8000000, 0x00000000a8000000|100%| E|CS|TAMS 0x00000000a7f00000, 0x00000000a7f00000| Complete 
|  90|0x00000000a8000000, 0x00000000a8100000, 0x00000000a8100000|100%| E|CS|TAMS 0x00000000a8000000, 0x00000000a8000000| Complete 
|  91|0x00000000a8100000, 0x00000000a8200000, 0x00000000a8200000|100%| E|CS|TAMS 0x00000000a8100000, 0x00000000a8100000| Complete 
|  92|0x00000000a8200000, 0x00000000a8300000, 0x00000000a8300000|100%| E|CS|TAMS 0x00000000a8200000, 0x00000000a8200000| Complete 
|  93|0x00000000a8300000, 0x00000000a8400000, 0x00000000a8400000|100%| E|CS|TAMS 0x00000000a8300000, 0x00000000a8300000| Complete 

Card table byte_map: [0x0000025efb900000,0x0000025efbbf0000] _byte_map_base: 0x0000025efb3ed000

Marking Bits (Prev, Next): (CMBitMap*) 0x0000025eface0658, (CMBitMap*) 0x0000025eface0690
 Prev Bits: [0x0000025efbee0000, 0x0000025efd648000)
 Next Bits: [0x0000025efd650000, 0x0000025efedb8000)

Polling page: 0x0000025ef8c10000

Metaspace:

Usage:
  Non-class:      7.53 MB capacity,     7.43 MB ( 99%) used,    76.41 KB ( <1%) free+waste,    19.62 KB ( <1%) overhead. 
      Class:    938.00 KB capacity,   834.16 KB ( 89%) used,    92.90 KB ( 10%) free+waste,    10.94 KB (  1%) overhead. 
       Both:      8.44 MB capacity,     8.25 MB ( 98%) used,   169.30 KB (  2%) free+waste,    30.56 KB ( <1%) overhead. 

Virtual space:
  Non-class space:        8.00 MB reserved,       7.75 MB ( 97%) committed 
      Class space:        1.00 GB reserved,       1.00 MB ( <1%) committed 
             Both:        1.01 GB reserved,       8.75 MB ( <1%) committed 

Chunk freelists:
   Non-Class:  4.50 KB
       Class:  0 bytes
        Both:  4.50 KB

CodeHeap 'non-profiled nmethods': size=119168Kb used=251Kb max_used=251Kb free=118916Kb
 bounds [0x0000025e8f1a0000, 0x0000025e8f410000, 0x0000025e96600000]
CodeHeap 'profiled nmethods': size=119168Kb used=1251Kb max_used=1251Kb free=117916Kb
 bounds [0x0000025e87d40000, 0x0000025e87fb0000, 0x0000025e8f1a0000]
CodeHeap 'non-nmethods': size=7424Kb used=2787Kb max_used=2799Kb free=4636Kb
 bounds [0x0000025e87600000, 0x0000025e878c0000, 0x0000025e87d40000]
 total_blobs=1226 nmethods=812 adapters=323
 compilation: enabled
              stopped_count=0, restarted_count=0
 full_count=0

Compilation events (10 events):
Event: 0.718 Thread 0x0000025effd80000  758       3       java.lang.String::checkBoundsOffCount (61 bytes)
Event: 0.719 Thread 0x0000025effd80000 nmethod 758 0x0000025e87e65590 code [0x0000025e87e65840, 0x0000025e87e66378]
Event: 0.729 Thread 0x0000025e9917f000  759       4       java.lang.System::getSecurityManager (4 bytes)
Event: 0.730 Thread 0x0000025e9917f000 nmethod 759 0x0000025e8f1d9710 code [0x0000025e8f1d9880, 0x0000025e8f1d98d8]
Event: 0.732 Thread 0x0000025e990b6800  760       3       java.io.WinNTFileSystem::normalize (143 bytes)
Event: 0.734 Thread 0x0000025effd7b800 nmethod 754 0x0000025e8f1d9990 code [0x0000025e8f1d9ba0, 0x0000025e8f1dac50]
Event: 0.734 Thread 0x0000025e990b6800 nmethod 760 0x0000025e87e66790 code [0x0000025e87e66a00, 0x0000025e87e67558]
Event: 0.746 Thread 0x0000025e990b4800  761       3       java.util.ArrayDeque::inc (12 bytes)
Event: 0.746 Thread 0x0000025e990b4800 nmethod 761 0x0000025e87e67a10 code [0x0000025e87e67ba0, 0x0000025e87e67cb8]
Event: 0.752 Thread 0x0000025e9917f000  762       4       java.util.HashMap::putVal (300 bytes)

GC Heap History (0 events):
No events

Deoptimization events (8 events):
Event: 0.358 Thread 0x0000025efaca9800 Uncommon trap: reason=unstable_if action=reinterpret pc=0x0000025e8f1ae780 method=java.lang.CharacterDataLatin1.isJavaIdentifierPart(I)Z @ 11 c2
Event: 0.364 Thread 0x0000025efaca9800 Uncommon trap: reason=unstable_if action=reinterpret pc=0x0000025e8f1ad9b0 method=java.lang.StringLatin1.lastIndexOf([BI[BII)I @ 32 c2
Event: 0.452 Thread 0x0000025efaca9800 Uncommon trap: reason=unstable_if action=reinterpret pc=0x0000025e8f1b2f34 method=java.util.ImmutableCollections$SetN.probe(Ljava/lang/Object;)I @ 34 c2
Event: 0.480 Thread 0x0000025efaca9800 Uncommon trap: reason=unstable_if action=reinterpret pc=0x0000025e8f1a4c70 method=java.lang.String.isLatin1()Z @ 10 c2
Event: 0.668 Thread 0x0000025efaca9800 Uncommon trap: reason=class_check action=maybe_recompile pc=0x0000025e8f1bd950 method=java.util.HashMap.putVal(ILjava/lang/Object;Ljava/lang/Object;ZZ)Ljava/lang/Object; @ 56 c2
Event: 0.668 Thread 0x0000025efaca9800 Uncommon trap: reason=class_check action=maybe_recompile pc=0x0000025e8f1bd950 method=java.util.HashMap.putVal(ILjava/lang/Object;Ljava/lang/Object;ZZ)Ljava/lang/Object; @ 56 c2
Event: 0.669 Thread 0x0000025efaca9800 Uncommon trap: reason=class_check action=maybe_recompile pc=0x0000025e8f1bd950 method=java.util.HashMap.putVal(ILjava/lang/Object;Ljava/lang/Object;ZZ)Ljava/lang/Object; @ 56 c2
Event: 0.669 Thread 0x0000025efaca9800 Uncommon trap: reason=class_check action=maybe_recompile pc=0x0000025e8f1bd950 method=java.util.HashMap.putVal(ILjava/lang/Object;Ljava/lang/Object;ZZ)Ljava/lang/Object; @ 56 c2

Classes redefined (0 events):
No events

Internal exceptions (9 events):
Event: 0.222 Thread 0x0000025efaca9800 Exception <a 'java/lang/NoSuchMethodError'{0x00000000a8221cf0}: java.lang.invoke.DirectMethodHandle$Holder.invokeSpecial(Ljava/lang/Object;Ljava/lang/Object;Ljava/lang/Object;Ljava/lang/Object;)I> (0x00000000a8221cf0) thrown at [./open/src/hotspot/share/i
Event: 0.227 Thread 0x0000025efaca9800 Exception <a 'java/lang/NoSuchMethodError'{0x00000000a822a048}: java.lang.invoke.DirectMethodHandle$Holder.invokeVirtual(Ljava/lang/Object;Ljava/lang/Object;)V> (0x00000000a822a048) thrown at [./open/src/hotspot/share/interpreter/linkResolver.cpp, line 77
Event: 0.288 Thread 0x0000025efaca9800 Exception <a 'java/lang/NoSuchMethodError'{0x00000000a82abbe8}: java.lang.invoke.DirectMethodHandle$Holder.invokeSpecialIFC(Ljava/lang/Object;Ljava/lang/Object;I)I> (0x00000000a82abbe8) thrown at [./open/src/hotspot/share/interpreter/linkResolver.cpp, lin
Event: 0.441 Thread 0x0000025efaca9800 Exception <a 'java/lang/NoSuchMethodError'{0x00000000a7b43be0}: java.lang.invoke.DirectMethodHandle$Holder.invokeSpecial(Ljava/lang/Object;Ljava/lang/Object;Ljava/lang/Object;Ljava/lang/Object;Ljava/lang/Object;)V> (0x00000000a7b43be0) thrown at [./open/s
Event: 0.447 Thread 0x0000025efaca9800 Exception <a 'java/lang/IncompatibleClassChangeError'{0x00000000a7b51e00}: Found class java.lang.Object, but interface was expected> (0x00000000a7b51e00) thrown at [./open/src/hotspot/share/interpreter/linkResolver.cpp, line 838]
Event: 0.448 Thread 0x0000025efaca9800 Exception <a 'java/lang/NoSuchMethodError'{0x00000000a7b54ae0}: java.lang.invoke.DirectMethodHandle$Holder.invokeStatic(Ljava/lang/Object;Ljava/lang/Object;Ljava/lang/Object;Ljava/lang/Object;)V> (0x00000000a7b54ae0) thrown at [./open/src/hotspot/share/in
Event: 0.584 Thread 0x0000025efaca9800 Exception <a 'java/lang/NoSuchMethodError'{0x00000000a79d77e8}: java.lang.invoke.DirectMethodHandle$Holder.invokeStatic(Ljava/lang/Object;Ljava/lang/Object;Ljava/lang/Object;Ljava/lang/Object;Ljava/lang/Object;Ljava/lang/Object;Ljava/lang/Object;Ljava/lan
Event: 0.590 Thread 0x0000025efaca9800 Exception <a 'java/lang/NoSuchMethodError'{0x00000000a79f2c10}: java.lang.invoke.DirectMethodHandle$Holder.invokeStatic(Ljava/lang/Object;Ljava/lang/Object;Ljava/lang/Object;Ljava/lang/Object;Ljava/lang/Object;Ljava/lang/Object;Ljava/lang/Object;Ljava/lan
Event: 0.596 Thread 0x0000025efaca9800 Exception <a 'java/lang/NoSuchMethodError'{0x00000000a780e6d8}: java.lang.invoke.DirectMethodHandle$Holder.invokeStatic(Ljava/lang/Object;Ljava/lang/Object;Ljava/lang/Object;Ljava/lang/Object;Ljava/lang/Object;Ljava/lang/Object;Ljava/lang/Object;Ljava/lan

Events (10 events):
Event: 0.668 Thread 0x0000025efaca9800 DEOPT UNPACKING pc=0x0000025e8762662f sp=0x000000b06d0fe0a8 mode 2
Event: 0.668 Thread 0x0000025efaca9800 Uncommon trap: trap_request=0xffffffde fr.pc=0x0000025e8f1bd950 relative=0x0000000000000e30
Event: 0.668 Thread 0x0000025efaca9800 DEOPT PACKING pc=0x0000025e8f1bd950 sp=0x000000b06d0fe120
Event: 0.668 Thread 0x0000025efaca9800 DEOPT UNPACKING pc=0x0000025e8762662f sp=0x000000b06d0fe0a8 mode 2
Event: 0.669 Thread 0x0000025efaca9800 Uncommon trap: trap_request=0xffffffde fr.pc=0x0000025e8f1bd950 relative=0x0000000000000e30
Event: 0.669 Thread 0x0000025efaca9800 DEOPT PACKING pc=0x0000025e8f1bd950 sp=0x000000b06d0fc4e0
Event: 0.669 Thread 0x0000025efaca9800 DEOPT UNPACKING pc=0x0000025e8762662f sp=0x000000b06d0fc468 mode 2
Event: 0.669 Thread 0x0000025efaca9800 Uncommon trap: trap_request=0xffffffde fr.pc=0x0000025e8f1bd950 relative=0x0000000000000e30
Event: 0.669 Thread 0x0000025efaca9800 DEOPT PACKING pc=0x0000025e8f1bd950 sp=0x000000b06d0fc4e0
Event: 0.669 Thread 0x0000025efaca9800 DEOPT UNPACKING pc=0x0000025e8762662f sp=0x000000b06d0fc468 mode 2


Dynamic libraries:
0x00007ff68a530000 - 0x00007ff68a540000 	C:\Program Files\Java\jdk-11\bin\javaw.exe
0x00007ffc4df30000 - 0x00007ffc4e147000 	C:\Windows\SYSTEM32\ntdll.dll
0x00007ffc4ce40000 - 0x00007ffc4cf04000 	C:\Windows\System32\KERNEL32.DLL
0x00007ffc4b670000 - 0x00007ffc4ba16000 	C:\Windows\System32\KERNELBASE.dll
0x00007ffc4bb60000 - 0x00007ffc4bc71000 	C:\Windows\System32\ucrtbase.dll
0x00007ffc48290000 - 0x00007ffc482ab000 	C:\Program Files\Java\jdk-11\bin\VCRUNTIME140.dll
0x00007ffc48270000 - 0x00007ffc48288000 	C:\Program Files\Java\jdk-11\bin\jli.dll
0x00007ffc4d2a0000 - 0x00007ffc4d351000 	C:\Windows\System32\ADVAPI32.dll
0x00007ffc4be80000 - 0x00007ffc4bf27000 	C:\Windows\System32\msvcrt.dll
0x00007ffc4de30000 - 0x00007ffc4ded5000 	C:\Windows\System32\sechost.dll
0x00007ffc4d8a0000 - 0x00007ffc4d9b7000 	C:\Windows\System32\RPCRT4.dll
0x00007ffc4bf30000 - 0x00007ffc4c0de000 	C:\Windows\System32\USER32.dll
0x00007ffc4bb30000 - 0x00007ffc4bb56000 	C:\Windows\System32\win32u.dll
0x00007ffc4c300000 - 0x00007ffc4c329000 	C:\Windows\System32\GDI32.dll
0x00007ffc2a720000 - 0x00007ffc2a9b3000 	C:\Windows\WinSxS\amd64_microsoft.windows.common-controls_6595b64144ccf1df_6.0.22621.2506_none_270c5ae97388e100\COMCTL32.dll
0x00007ffc4b550000 - 0x00007ffc4b668000 	C:\Windows\System32\gdi32full.dll
0x00007ffc4ba20000 - 0x00007ffc4baba000 	C:\Windows\System32\msvcp_win.dll
0x00007ffc422b0000 - 0x00007ffc422ba000 	C:\Windows\SYSTEM32\VERSION.dll
0x00007ffc4cd80000 - 0x00007ffc4cdb1000 	C:\Windows\System32\IMM32.DLL
0x00007ffc482c0000 - 0x00007ffc482cc000 	C:\Program Files\Java\jdk-11\bin\vcruntime140_1.dll
0x00007ffc3c1b0000 - 0x00007ffc3c23e000 	C:\Program Files\Java\jdk-11\bin\msvcp140.dll
0x00007ffbf3e70000 - 0x00007ffbf49d8000 	C:\Program Files\Java\jdk-11\bin\server\jvm.dll
0x00007ffc4dee0000 - 0x00007ffc4dee8000 	C:\Windows\System32\PSAPI.DLL
0x00007ffc23410000 - 0x00007ffc23419000 	C:\Windows\SYSTEM32\WSOCK32.dll
0x00007ffc43110000 - 0x00007ffc43144000 	C:\Windows\SYSTEM32\WINMM.dll
0x00007ffc4cdc0000 - 0x00007ffc4ce31000 	C:\Windows\System32\WS2_32.dll
0x00007ffc4a2a0000 - 0x00007ffc4a2b8000 	C:\Windows\SYSTEM32\kernel.appcore.dll
0x00007ffc44ce0000 - 0x00007ffc44cf0000 	C:\Program Files\Java\jdk-11\bin\verify.dll
0x00007ffc48ba0000 - 0x00007ffc48dd3000 	C:\Windows\SYSTEM32\DBGHELP.DLL
0x00007ffc4cf10000 - 0x00007ffc4d299000 	C:\Windows\System32\combase.dll
0x00007ffc4bda0000 - 0x00007ffc4be77000 	C:\Windows\System32\OLEAUT32.dll
0x00007ffc372e0000 - 0x00007ffc37312000 	C:\Windows\SYSTEM32\dbgcore.DLL
0x00007ffc4b4d0000 - 0x00007ffc4b54a000 	C:\Windows\System32\bcryptPrimitives.dll
0x00007ffc3c180000 - 0x00007ffc3c1a8000 	C:\Program Files\Java\jdk-11\bin\java.dll
0x00007ffc41640000 - 0x00007ffc4164a000 	C:\Program Files\Java\jdk-11\bin\jimage.dll
0x00007ffc3c120000 - 0x00007ffc3c137000 	C:\Program Files\Java\jdk-11\bin\zip.dll
0x00007ffc4c4b0000 - 0x00007ffc4cd0a000 	C:\Windows\System32\SHELL32.dll
0x00007ffc491c0000 - 0x00007ffc49ab6000 	C:\Windows\SYSTEM32\windows.storage.dll
0x00007ffc49080000 - 0x00007ffc491be000 	C:\Windows\SYSTEM32\wintypes.dll
0x00007ffc4c330000 - 0x00007ffc4c423000 	C:\Windows\System32\SHCORE.dll
0x00007ffc4c2a0000 - 0x00007ffc4c2fe000 	C:\Windows\System32\shlwapi.dll
0x00007ffc4b1d0000 - 0x00007ffc4b1f6000 	C:\Windows\SYSTEM32\profapi.dll
0x00007ffc3c100000 - 0x00007ffc3c119000 	C:\Program Files\Java\jdk-11\bin\net.dll
0x00007ffc441d0000 - 0x00007ffc44307000 	C:\Windows\SYSTEM32\WINHTTP.dll
0x00007ffc4a720000 - 0x00007ffc4a789000 	C:\Windows\system32\mswsock.dll
0x00007ffc3b390000 - 0x00007ffc3b3a2000 	C:\Program Files\Java\jdk-11\bin\nio.dll
0x0000025efabd0000 - 0x0000025efabd3000 	C:\Users\steve\Downloads\openjfx-17.0.7_windows-x64_bin-sdk\javafx-sdk-17.0.7\bin\api-ms-win-core-console-l1-1-0.dll
0x0000025efabe0000 - 0x0000025efabe3000 	C:\Users\steve\Downloads\openjfx-17.0.7_windows-x64_bin-sdk\javafx-sdk-17.0.7\bin\api-ms-win-core-console-l1-2-0.dll
0x0000025efabf0000 - 0x0000025efabf3000 	C:\Users\steve\Downloads\openjfx-17.0.7_windows-x64_bin-sdk\javafx-sdk-17.0.7\bin\api-ms-win-core-datetime-l1-1-0.dll
0x0000025efac00000 - 0x0000025efac03000 	C:\Users\steve\Downloads\openjfx-17.0.7_windows-x64_bin-sdk\javafx-sdk-17.0.7\bin\api-ms-win-core-debug-l1-1-0.dll
0x0000025efac10000 - 0x0000025efac13000 	C:\Users\steve\Downloads\openjfx-17.0.7_windows-x64_bin-sdk\javafx-sdk-17.0.7\bin\api-ms-win-core-errorhandling-l1-1-0.dll
0x0000025efac20000 - 0x0000025efac24000 	C:\Users\steve\Downloads\openjfx-17.0.7_windows-x64_bin-sdk\javafx-sdk-17.0.7\bin\api-ms-win-core-file-l1-1-0.dll
0x0000025efac30000 - 0x0000025efac33000 	C:\Users\steve\Downloads\openjfx-17.0.7_windows-x64_bin-sdk\javafx-sdk-17.0.7\bin\api-ms-win-core-file-l1-2-0.dll
0x0000025efac40000 - 0x0000025efac43000 	C:\Users\steve\Downloads\openjfx-17.0.7_windows-x64_bin-sdk\javafx-sdk-17.0.7\bin\api-ms-win-core-file-l2-1-0.dll
0x0000025efac50000 - 0x0000025efac53000 	C:\Users\steve\Downloads\openjfx-17.0.7_windows-x64_bin-sdk\javafx-sdk-17.0.7\bin\api-ms-win-core-handle-l1-1-0.dll
0x0000025efac60000 - 0x0000025efac63000 	C:\Users\steve\Downloads\openjfx-17.0.7_windows-x64_bin-sdk\javafx-sdk-17.0.7\bin\api-ms-win-core-heap-l1-1-0.dll
0x0000025efac70000 - 0x0000025efac73000 	C:\Users\steve\Downloads\openjfx-17.0.7_windows-x64_bin-sdk\javafx-sdk-17.0.7\bin\api-ms-win-core-interlocked-l1-1-0.dll
0x0000025effe90000 - 0x0000025effe93000 	C:\Users\steve\Downloads\openjfx-17.0.7_windows-x64_bin-sdk\javafx-sdk-17.0.7\bin\api-ms-win-core-libraryloader-l1-1-0.dll
0x0000025effea0000 - 0x0000025effea3000 	C:\Users\steve\Downloads\openjfx-17.0.7_windows-x64_bin-sdk\javafx-sdk-17.0.7\bin\api-ms-win-core-localization-l1-2-0.dll
0x0000025effeb0000 - 0x0000025effeb3000 	C:\Users\steve\Downloads\openjfx-17.0.7_windows-x64_bin-sdk\javafx-sdk-17.0.7\bin\api-ms-win-core-memory-l1-1-0.dll
0x0000025effec0000 - 0x0000025effec3000 	C:\Users\steve\Downloads\openjfx-17.0.7_windows-x64_bin-sdk\javafx-sdk-17.0.7\bin\api-ms-win-core-namedpipe-l1-1-0.dll
0x0000025effed0000 - 0x0000025effed3000 	C:\Users\steve\Downloads\openjfx-17.0.7_windows-x64_bin-sdk\javafx-sdk-17.0.7\bin\api-ms-win-core-processenvironment-l1-1-0.dll
0x0000025effee0000 - 0x0000025effee3000 	C:\Users\steve\Downloads\openjfx-17.0.7_windows-x64_bin-sdk\javafx-sdk-17.0.7\bin\api-ms-win-core-processthreads-l1-1-0.dll
0x0000025effef0000 - 0x0000025effef3000 	C:\Users\steve\Downloads\openjfx-17.0.7_windows-x64_bin-sdk\javafx-sdk-17.0.7\bin\api-ms-win-core-processthreads-l1-1-1.dll
0x0000025efff00000 - 0x0000025efff03000 	C:\Users\steve\Downloads\openjfx-17.0.7_windows-x64_bin-sdk\javafx-sdk-17.0.7\bin\api-ms-win-core-profile-l1-1-0.dll
0x0000025efff10000 - 0x0000025efff13000 	C:\Users\steve\Downloads\openjfx-17.0.7_windows-x64_bin-sdk\javafx-sdk-17.0.7\bin\api-ms-win-core-rtlsupport-l1-1-0.dll
0x0000025efff20000 - 0x0000025efff23000 	C:\Users\steve\Downloads\openjfx-17.0.7_windows-x64_bin-sdk\javafx-sdk-17.0.7\bin\api-ms-win-core-string-l1-1-0.dll
0x0000025efff30000 - 0x0000025efff33000 	C:\Users\steve\Downloads\openjfx-17.0.7_windows-x64_bin-sdk\javafx-sdk-17.0.7\bin\api-ms-win-core-synch-l1-1-0.dll
0x0000025efff40000 - 0x0000025efff43000 	C:\Users\steve\Downloads\openjfx-17.0.7_windows-x64_bin-sdk\javafx-sdk-17.0.7\bin\api-ms-win-core-synch-l1-2-0.dll
0x0000025efff50000 - 0x0000025efff53000 	C:\Users\steve\Downloads\openjfx-17.0.7_windows-x64_bin-sdk\javafx-sdk-17.0.7\bin\api-ms-win-core-sysinfo-l1-1-0.dll
0x0000025efff60000 - 0x0000025efff63000 	C:\Users\steve\Downloads\openjfx-17.0.7_windows-x64_bin-sdk\javafx-sdk-17.0.7\bin\api-ms-win-core-timezone-l1-1-0.dll
0x0000025efff70000 - 0x0000025efff73000 	C:\Users\steve\Downloads\openjfx-17.0.7_windows-x64_bin-sdk\javafx-sdk-17.0.7\bin\api-ms-win-core-util-l1-1-0.dll
0x0000025efff80000 - 0x0000025efff83000 	C:\Users\steve\Downloads\openjfx-17.0.7_windows-x64_bin-sdk\javafx-sdk-17.0.7\bin\api-ms-win-crt-conio-l1-1-0.dll
0x0000025efff90000 - 0x0000025efff94000 	C:\Users\steve\Downloads\openjfx-17.0.7_windows-x64_bin-sdk\javafx-sdk-17.0.7\bin\api-ms-win-crt-convert-l1-1-0.dll
0x0000025efffa0000 - 0x0000025efffa3000 	C:\Users\steve\Downloads\openjfx-17.0.7_windows-x64_bin-sdk\javafx-sdk-17.0.7\bin\api-ms-win-crt-environment-l1-1-0.dll
0x0000025efffb0000 - 0x0000025efffb3000 	C:\Users\steve\Downloads\openjfx-17.0.7_windows-x64_bin-sdk\javafx-sdk-17.0.7\bin\api-ms-win-crt-filesystem-l1-1-0.dll
0x0000025efffc0000 - 0x0000025efffc3000 	C:\Users\steve\Downloads\openjfx-17.0.7_windows-x64_bin-sdk\javafx-sdk-17.0.7\bin\api-ms-win-crt-heap-l1-1-0.dll
0x0000025efffd0000 - 0x0000025efffd3000 	C:\Users\steve\Downloads\openjfx-17.0.7_windows-x64_bin-sdk\javafx-sdk-17.0.7\bin\api-ms-win-crt-locale-l1-1-0.dll
0x0000025efffe0000 - 0x0000025efffe5000 	C:\Users\steve\Downloads\openjfx-17.0.7_windows-x64_bin-sdk\javafx-sdk-17.0.7\bin\api-ms-win-crt-math-l1-1-0.dll
0x0000025effff0000 - 0x0000025effff5000 	C:\Users\steve\Downloads\openjfx-17.0.7_windows-x64_bin-sdk\javafx-sdk-17.0.7\bin\api-ms-win-crt-multibyte-l1-1-0.dll
0x0000025e99a00000 - 0x0000025e99a10000 	C:\Users\steve\Downloads\openjfx-17.0.7_windows-x64_bin-sdk\javafx-sdk-17.0.7\bin\api-ms-win-crt-private-l1-1-0.dll
0x0000025e99a10000 - 0x0000025e99a13000 	C:\Users\steve\Downloads\openjfx-17.0.7_windows-x64_bin-sdk\javafx-sdk-17.0.7\bin\api-ms-win-crt-process-l1-1-0.dll
0x0000025e99a20000 - 0x0000025e99a24000 	C:\Users\steve\Downloads\openjfx-17.0.7_windows-x64_bin-sdk\javafx-sdk-17.0.7\bin\api-ms-win-crt-runtime-l1-1-0.dll
0x0000025e99a30000 - 0x0000025e99a34000 	C:\Users\steve\Downloads\openjfx-17.0.7_windows-x64_bin-sdk\javafx-sdk-17.0.7\bin\api-ms-win-crt-stdio-l1-1-0.dll
0x0000025e99a40000 - 0x0000025e99a44000 	C:\Users\steve\Downloads\openjfx-17.0.7_windows-x64_bin-sdk\javafx-sdk-17.0.7\bin\api-ms-win-crt-string-l1-1-0.dll
0x0000025e99a50000 - 0x0000025e99a53000 	C:\Users\steve\Downloads\openjfx-17.0.7_windows-x64_bin-sdk\javafx-sdk-17.0.7\bin\api-ms-win-crt-time-l1-1-0.dll
0x0000025e99a60000 - 0x0000025e99a63000 	C:\Users\steve\Downloads\openjfx-17.0.7_windows-x64_bin-sdk\javafx-sdk-17.0.7\bin\api-ms-win-crt-utility-l1-1-0.dll
0x00007ffc3acc0000 - 0x00007ffc3adbc000 	C:\Users\steve\Downloads\openjfx-17.0.7_windows-x64_bin-sdk\javafx-sdk-17.0.7\bin\ucrtbase.dll
0x00007ffc3b370000 - 0x00007ffc3b38b000 	C:\Users\steve\Downloads\openjfx-17.0.7_windows-x64_bin-sdk\javafx-sdk-17.0.7\bin\vcruntime140.dll
0x00007ffc3c610000 - 0x00007ffc3c61c000 	C:\Users\steve\Downloads\openjfx-17.0.7_windows-x64_bin-sdk\javafx-sdk-17.0.7\bin\vcruntime140_1.dll
0x00007ffc2a410000 - 0x00007ffc2a49e000 	C:\Users\steve\Downloads\openjfx-17.0.7_windows-x64_bin-sdk\javafx-sdk-17.0.7\bin\msvcp140.dll
0x00007ffc3acb0000 - 0x00007ffc3acb9000 	C:\Users\steve\Downloads\openjfx-17.0.7_windows-x64_bin-sdk\javafx-sdk-17.0.7\bin\msvcp140_1.dll
0x00007ffc3ac80000 - 0x00007ffc3acb0000 	C:\Users\steve\Downloads\openjfx-17.0.7_windows-x64_bin-sdk\javafx-sdk-17.0.7\bin\msvcp140_2.dll

dbghelp: loaded successfully - version: 4.0.5 - missing functions: none
symbol engine: initialized successfully - sym options: 0x614 - pdb path: .;C:\Program Files\Java\jdk-11\bin;C:\Windows\SYSTEM32;C:\Windows\WinSxS\amd64_microsoft.windows.common-controls_6595b64144ccf1df_6.0.22621.2506_none_270c5ae97388e100;C:\Program Files\Java\jdk-11\bin\server;C:\Users\steve\Downloads\openjfx-17.0.7_windows-x64_bin-sdk\javafx-sdk-17.0.7\bin

VM Arguments:
jvm_args: -Dfile.encoding=Cp1252 --module-path=D:\BAD\CLminton\CLminton\CLminton\bin;C:\Users\steve\Downloads\mysql-connector-java-8.0.24.jar;C:\Users\steve\Downloads\openjfx-17.0.7_windows-x64_bin-sdk\javafx-sdk-17.0.7\lib\javafx.base.jar;C:\Users\steve\Downloads\openjfx-17.0.7_windows-x64_bin-sdk\javafx-sdk-17.0.7\lib\javafx.controls.jar;C:\Users\steve\Downloads\openjfx-17.0.7_windows-x64_bin-sdk\javafx-sdk-17.0.7\lib\javafx.fxml.jar;C:\Users\steve\Downloads\openjfx-17.0.7_windows-x64_bin-sdk\javafx-sdk-17.0.7\lib\javafx.graphics.jar;C:\Users\steve\Downloads\openjfx-17.0.7_windows-x64_bin-sdk\javafx-sdk-17.0.7\lib\javafx.media.jar;C:\Users\steve\Downloads\openjfx-17.0.7_windows-x64_bin-sdk\javafx-sdk-17.0.7\lib\javafx.swing.jar;C:\Users\steve\Downloads\openjfx-17.0.7_windows-x64_bin-sdk\javafx-sdk-17.0.7\lib\javafx.web.jar;C:\Users\steve\Downloads\openjfx-17.0.7_windows-x64_bin-sdk\javafx-sdk-17.0.7\lib\javafx-swt.jar -Djdk.module.main=CLminton 
java_command: CLminton/view.HistoryAdminPage
java_class_path (initial): <not set>
Launcher Type: SUN_STANDARD

[Global flags]
     intx CICompilerCount                          = 12                                        {product} {ergonomic}
     uint ConcGCThreads                            = 3                                         {product} {ergonomic}
     uint G1ConcRefinementThreads                  = 13                                        {product} {ergonomic}
   size_t G1HeapRegionSize                         = 1048576                                   {product} {ergonomic}
    uintx GCDrainStackTargetSize                   = 64                                        {product} {ergonomic}
   size_t InitialHeapSize                          = 98566144                                  {product} {ergonomic}
   size_t MarkStackSize                            = 4194304                                   {product} {ergonomic}
   size_t MaxHeapSize                              = 1570766848                                {product} {ergonomic}
   size_t MaxNewSize                               = 941621248                                 {product} {ergonomic}
   size_t MinHeapDeltaBytes                        = 1048576                                   {product} {ergonomic}
    uintx NonNMethodCodeHeapSize                   = 7594288                                {pd product} {ergonomic}
    uintx NonProfiledCodeHeapSize                  = 122031976                              {pd product} {ergonomic}
    uintx ProfiledCodeHeapSize                     = 122031976                              {pd product} {ergonomic}
    uintx ReservedCodeCacheSize                    = 251658240                              {pd product} {ergonomic}
     bool SegmentedCodeCache                       = true                                      {product} {ergonomic}
     bool UseCompressedClassPointers               = true                                 {lp64_product} {ergonomic}
     bool UseCompressedOops                        = true                                 {lp64_product} {ergonomic}
     bool UseG1GC                                  = true                                      {product} {ergonomic}
     bool UseLargePagesIndividualAllocation        = false                                  {pd product} {ergonomic}

Logging:
Log output configuration:
 #0: stdout all=warning uptime,level,tags
 #1: stderr all=off uptime,level,tags

Environment Variables:
PATH=C:/Program Files/Java/jre1.8.0_291/bin/server;C:/Program Files/Java/jre1.8.0_291/bin;C:/Program Files/Java/jre1.8.0_291/lib/amd64;C:\Program Files\Common Files\Oracle\Java\javapath;C:\Program Files (x86)\Common Files\Oracle\Java\javapath;C:\Windows\system32;C:\Windows;C:\Windows\System32\Wbem;C:\Windows\System32\WindowsPowerShell\v1.0\;C:\Windows\System32\OpenSSH\;C:\Program Files\Microsoft SQL Server\Client SDK\ODBC\170\Tools\Binn\;C:\Program Files (x86)\Microsoft SQL Server\150\Tools\Binn\;C:\Program Files\Microsoft SQL Server\150\Tools\Binn\;C:\Program Files\Microsoft SQL Server\150\DTS\Binn\;C:\Program Files (x86)\Microsoft SQL Server\150\DTS\Binn\;C:\Program Files\Azure Data Studio\bin;C:\Users\steve\AppData\Local\Microsoft\WindowsApps;;C:\Program Files\Azure Data Studio\bin;C:\Users\steve\Downloads\eclipse-java-2020-06-R-win32-x86_64\eclipse;
USERNAME=steve
OS=Windows_NT
PROCESSOR_IDENTIFIER=AMD64 Family 23 Model 104 Stepping 1, AuthenticAMD



---------------  S Y S T E M  ---------------

OS: Windows 11 , 64 bit Build 22621 (10.0.22621.2506)

CPU:total 16 (initial active 16) (16 cores per cpu, 2 threads per core) family 23 model 104 stepping 1 microcode 0x0, cmov, cx8, fxsr, mmx, sse, sse2, sse3, ssse3, sse4.1, sse4.2, popcnt, avx, avx2, aes, clmul, mmxext, 3dnowpref, lzcnt, sse4a, ht, tsc, tscinvbit, tscinv, bmi1, bmi2, adx,

Memory: 4k page, system-wide physical 5989M (385M free)
TotalPageFile size 24421M (AvailPageFile size 5M)
current process WorkingSet (physical memory assigned to process): 57M, peak: 57M
current process commit charge ("private bytes"): 190M, peak: 190M

vm_info: Java HotSpot(TM) 64-Bit Server VM (11.0.18+9-LTS-195) for windows-amd64 JRE (11.0.18+9-LTS-195), built on Dec  6 2022 15:50:58 by "mach5one" with MS VC++ 17.1 (VS2022)

END.
