#
# There is insufficient memory for the Java Runtime Environment to continue.
# Native memory allocation (malloc) failed to allocate 32744 bytes for ChunkPool::allocate
# Possible reasons:
#   The system is out of physical RAM or swap space
#   The process is running with CompressedOops enabled, and the Java Heap may be blocking the growth of the native heap
# Possible solutions:
#   Reduce memory load on the system
#   Increase physical memory or swap space
#   Check if swap backing store is full
#   Decrease Java heap size (-Xmx/-Xms)
#   Decrease number of Java threads
#   Decrease Java thread stack sizes (-Xss)
#   Set larger code cache with -XX:ReservedCodeCacheSize=
#   JVM is running with Unscaled Compressed Oops mode in which the Java heap is
#     placed in the first 4GB address space. The Java Heap base address is the
#     maximum limit for the native heap growth. Please use -XX:HeapBaseMinAddress
#     to set the Java Heap base and to place the Java Heap above 4GB virtual address.
# This output file may be truncated or incomplete.
#
#  Out of Memory Error (./open/src/hotspot/share/memory/arena.cpp:81), pid=14956, tid=10324
#
# JRE version: Java(TM) SE Runtime Environment 18.9 (11.0.18+9) (build 11.0.18+9-LTS-195)
# Java VM: Java HotSpot(TM) 64-Bit Server VM 18.9 (11.0.18+9-LTS-195, mixed mode, tiered, compressed oops, g1 gc, windows-amd64)
# No core dump will be written. Minidumps are not enabled by default on client versions of Windows
#

---------------  S U M M A R Y ------------

Command Line: -Dfile.encoding=Cp1252 --module-path=D:\BAD\CLminton\CLminton\CLminton\bin;C:\Users\steve\Downloads\mysql-connector-java-8.0.24.jar;C:\Users\steve\Downloads\openjfx-17.0.7_windows-x64_bin-sdk\javafx-sdk-17.0.7\lib\javafx.base.jar;C:\Users\steve\Downloads\openjfx-17.0.7_windows-x64_bin-sdk\javafx-sdk-17.0.7\lib\javafx.controls.jar;C:\Users\steve\Downloads\openjfx-17.0.7_windows-x64_bin-sdk\javafx-sdk-17.0.7\lib\javafx.fxml.jar;C:\Users\steve\Downloads\openjfx-17.0.7_windows-x64_bin-sdk\javafx-sdk-17.0.7\lib\javafx.graphics.jar;C:\Users\steve\Downloads\openjfx-17.0.7_windows-x64_bin-sdk\javafx-sdk-17.0.7\lib\javafx.media.jar;C:\Users\steve\Downloads\openjfx-17.0.7_windows-x64_bin-sdk\javafx-sdk-17.0.7\lib\javafx.swing.jar;C:\Users\steve\Downloads\openjfx-17.0.7_windows-x64_bin-sdk\javafx-sdk-17.0.7\lib\javafx.web.jar;C:\Users\steve\Downloads\openjfx-17.0.7_windows-x64_bin-sdk\javafx-sdk-17.0.7\lib\javafx-swt.jar -Djdk.module.main=CLminton CLminton/view.HistoryAdminPage

Host: AMD Ryzen 7 5700U with Radeon Graphics         , 16 cores, 5G,  Windows 11 , 64 bit Build 22621 (10.0.22621.2506)
Time: Sat Dec 23 10:43:39 2023 SE Asia Standard Time elapsed time: 1.753540 seconds (0d 0h 0m 1s)

---------------  T H R E A D  ---------------

Current thread (0x00000205b639f800):  JavaThread "C2 CompilerThread0" daemon [_thread_in_native, id=10324, stack(0x00000020ed600000,0x00000020ed700000)]


Current CompileTask:
C2:   1753 1369   !   4       com.sun.javafx.css.ParsedValueImpl::readBinary (688 bytes)

Stack: [0x00000020ed600000,0x00000020ed700000]
Native frames: (J=compiled Java code, j=interpreted, Vv=VM code, C=native code)
V  [jvm.dll+0x65d8aa]
V  [jvm.dll+0x79fc1f]
V  [jvm.dll+0x7a12e9]
V  [jvm.dll+0x7a1983]
V  [jvm.dll+0x2585b5]
V  [jvm.dll+0xb2abf]
V  [jvm.dll+0xb2e0c]
V  [jvm.dll+0x36aeec]
V  [jvm.dll+0x551984]
V  [jvm.dll+0x32eb44]
V  [jvm.dll+0x32defa]
V  [jvm.dll+0x2113ad]
V  [jvm.dll+0x210378]
V  [jvm.dll+0x18c641]
V  [jvm.dll+0x220609]
V  [jvm.dll+0x21e92c]
V  [jvm.dll+0x763f61]
V  [jvm.dll+0x75c924]
V  [jvm.dll+0x65c755]
C  [ucrtbase.dll+0x29363]
C  [KERNEL32.DLL+0x1257d]
C  [ntdll.dll+0x5aa58]


---------------  P R O C E S S  ---------------

Threads class SMR info:
_java_thread_list=0x00000205b81058c0, length=19, elements={
0x0000020598ccb000, 0x00000205b6354000, 0x00000205b637e000, 0x00000205b6391800,
0x00000205b6393800, 0x00000205b6394800, 0x00000205b639f800, 0x00000205b63a3800,
0x00000205b63a7800, 0x00000205b630d800, 0x00000205b6ec2800, 0x00000205b6f5e000,
0x00000205b6f69000, 0x00000205b6fa7800, 0x00000205b71aa800, 0x00000205b77ad000,
0x00000205b7702800, 0x00000205b7762800, 0x00000205b80ca000
}

Java Threads: ( => current thread )
  0x0000020598ccb000 JavaThread "main" [_thread_blocked, id=10124, stack(0x00000020eca00000,0x00000020ecb00000)]
  0x00000205b6354000 JavaThread "Reference Handler" daemon [_thread_blocked, id=23188, stack(0x00000020ed100000,0x00000020ed200000)]
  0x00000205b637e000 JavaThread "Finalizer" daemon [_thread_blocked, id=23948, stack(0x00000020ed200000,0x00000020ed300000)]
  0x00000205b6391800 JavaThread "Signal Dispatcher" daemon [_thread_blocked, id=8496, stack(0x00000020ed300000,0x00000020ed400000)]
  0x00000205b6393800 JavaThread "Attach Listener" daemon [_thread_blocked, id=15168, stack(0x00000020ed400000,0x00000020ed500000)]
  0x00000205b6394800 JavaThread "Service Thread" daemon [_thread_blocked, id=12468, stack(0x00000020ed500000,0x00000020ed600000)]
=>0x00000205b639f800 JavaThread "C2 CompilerThread0" daemon [_thread_in_native, id=10324, stack(0x00000020ed600000,0x00000020ed700000)]
  0x00000205b63a3800 JavaThread "C1 CompilerThread0" daemon [_thread_blocked, id=20940, stack(0x00000020ed700000,0x00000020ed800000)]
  0x00000205b63a7800 JavaThread "Sweeper thread" daemon [_thread_blocked, id=16716, stack(0x00000020ed800000,0x00000020ed900000)]
  0x00000205b630d800 JavaThread "Common-Cleaner" daemon [_thread_blocked, id=1804, stack(0x00000020ed900000,0x00000020eda00000)]
  0x00000205b6ec2800 JavaThread "C1 CompilerThread1" daemon [_thread_blocked, id=9704, stack(0x00000020eda00000,0x00000020edb00000)]
  0x00000205b6f5e000 JavaThread "C1 CompilerThread2" daemon [_thread_blocked, id=11692, stack(0x00000020edb00000,0x00000020edc00000)]
  0x00000205b6f69000 JavaThread "C1 CompilerThread3" daemon [_thread_blocked, id=23072, stack(0x00000020edc00000,0x00000020edd00000)]
  0x00000205b6fa7800 JavaThread "C2 CompilerThread1" daemon [_thread_blocked, id=21640, stack(0x00000020edd00000,0x00000020ede00000)]
  0x00000205b71aa800 JavaThread "QuantumRenderer-0" daemon [_thread_blocked, id=15112, stack(0x00000020edf00000,0x00000020ee000000)]
  0x00000205b77ad000 JavaThread "InvokeLaterDispatcher" daemon [_thread_blocked, id=12936, stack(0x00000020ee200000,0x00000020ee300000)]
  0x00000205b7702800 JavaThread "JavaFX Application Thread" [_thread_in_vm, id=15028, stack(0x00000020ee300000,0x00000020ee400000)]
  0x00000205b7762800 JavaThread "Thread-1" daemon [_thread_in_native, id=8140, stack(0x00000020eee00000,0x00000020eef00000)]
  0x00000205b80ca000 JavaThread "JavaFX-Launcher" [_thread_blocked, id=8888, stack(0x00000020eef00000,0x00000020ef000000)]

Other Threads:
  0x00000205b6351800 VMThread "VM Thread" [stack: 0x00000020ed000000,0x00000020ed100000] [id=20532]
  0x00000205b739f000 WatcherThread [stack: 0x00000020ede00000,0x00000020edf00000] [id=23308]
  0x0000020598ce2000 GCTaskThread "GC Thread#0" [stack: 0x00000020ecb00000,0x00000020ecc00000] [id=25920]
  0x00000205b77bd800 GCTaskThread "GC Thread#1" [stack: 0x00000020ef000000,0x00000020ef100000] [id=4668]
  0x00000205b77b6000 GCTaskThread "GC Thread#2" [stack: 0x00000020ef100000,0x00000020ef200000] [id=3252]
  0x00000205b77b6800 GCTaskThread "GC Thread#3" [stack: 0x00000020ef200000,0x00000020ef300000] [id=20096]
  0x00000205b77b7000 GCTaskThread "GC Thread#4" [stack: 0x00000020ef300000,0x00000020ef400000] [id=18440]
  0x00000205b77b8800 GCTaskThread "GC Thread#5" [stack: 0x00000020ef400000,0x00000020ef500000] [id=11600]
  0x0000020598d0a000 ConcurrentGCThread "G1 Main Marker" [stack: 0x00000020ecc00000,0x00000020ecd00000] [id=4680]
  0x0000020598d0d800 ConcurrentGCThread "G1 Conc#0" [stack: 0x00000020ecd00000,0x00000020ece00000] [id=26260]
  0x00000205b61c0800 ConcurrentGCThread "G1 Refine#0" [stack: 0x00000020ece00000,0x00000020ecf00000] [id=17140]
  0x00000205b61c1800 ConcurrentGCThread "G1 Young RemSet Sampling" [stack: 0x00000020ecf00000,0x00000020ed000000] [id=17220]

Threads with active compile tasks:
C2 CompilerThread0     1805 1369   !   4       com.sun.javafx.css.ParsedValueImpl::readBinary (688 bytes)

VM state:not at safepoint (normal execution)

VM Mutex/Monitor currently owned by a thread: None

Heap address: 0x00000000a2600000, size: 1498 MB, Compressed Oops mode: 32-bit
Narrow klass base: 0x0000000000000000, Narrow klass shift: 3
Compressed class space size: 1073741824 Address: 0x0000000100000000

Heap:
 garbage-first heap   total 96256K, used 20781K [0x00000000a2600000, 0x0000000100000000)
  region size 1024K, 21 young (21504K), 3 survivors (3072K)
 Metaspace       used 16718K, capacity 17180K, committed 17408K, reserved 1064960K
  class space    used 2049K, capacity 2268K, committed 2304K, reserved 1048576K
Heap Regions: E=young(eden), S=young(survivor), O=old, HS=humongous(starts), HC=humongous(continues), CS=collection set, F=free, A=archive, TAMS=top-at-mark-start (previous, next)
|   0|0x00000000a2600000, 0x00000000a264b600, 0x00000000a2700000| 29%| O|  |TAMS 0x00000000a2600000, 0x00000000a2600000| Untracked 
|   1|0x00000000a2700000, 0x00000000a2700000, 0x00000000a2800000|  0%| F|  |TAMS 0x00000000a2700000, 0x00000000a2700000| Untracked 
|   2|0x00000000a2800000, 0x00000000a2800000, 0x00000000a2900000|  0%| F|  |TAMS 0x00000000a2800000, 0x00000000a2800000| Untracked 
|   3|0x00000000a2900000, 0x00000000a2900000, 0x00000000a2a00000|  0%| F|  |TAMS 0x00000000a2900000, 0x00000000a2900000| Untracked 
|   4|0x00000000a2a00000, 0x00000000a2a00000, 0x00000000a2b00000|  0%| F|  |TAMS 0x00000000a2a00000, 0x00000000a2a00000| Untracked 
|   5|0x00000000a2b00000, 0x00000000a2b00000, 0x00000000a2c00000|  0%| F|  |TAMS 0x00000000a2b00000, 0x00000000a2b00000| Untracked 
|   6|0x00000000a2c00000, 0x00000000a2c00000, 0x00000000a2d00000|  0%| F|  |TAMS 0x00000000a2c00000, 0x00000000a2c00000| Untracked 
|   7|0x00000000a2d00000, 0x00000000a2d00000, 0x00000000a2e00000|  0%| F|  |TAMS 0x00000000a2d00000, 0x00000000a2d00000| Untracked 
|   8|0x00000000a2e00000, 0x00000000a2e00000, 0x00000000a2f00000|  0%| F|  |TAMS 0x00000000a2e00000, 0x00000000a2e00000| Untracked 
|   9|0x00000000a2f00000, 0x00000000a2f00000, 0x00000000a3000000|  0%| F|  |TAMS 0x00000000a2f00000, 0x00000000a2f00000| Untracked 
|  10|0x00000000a3000000, 0x00000000a3000000, 0x00000000a3100000|  0%| F|  |TAMS 0x00000000a3000000, 0x00000000a3000000| Untracked 
|  11|0x00000000a3100000, 0x00000000a3100000, 0x00000000a3200000|  0%| F|  |TAMS 0x00000000a3100000, 0x00000000a3100000| Untracked 
|  12|0x00000000a3200000, 0x00000000a3200000, 0x00000000a3300000|  0%| F|  |TAMS 0x00000000a3200000, 0x00000000a3200000| Untracked 
|  13|0x00000000a3300000, 0x00000000a3300000, 0x00000000a3400000|  0%| F|  |TAMS 0x00000000a3300000, 0x00000000a3300000| Untracked 
|  14|0x00000000a3400000, 0x00000000a3400000, 0x00000000a3500000|  0%| F|  |TAMS 0x00000000a3400000, 0x00000000a3400000| Untracked 
|  15|0x00000000a3500000, 0x00000000a3500000, 0x00000000a3600000|  0%| F|  |TAMS 0x00000000a3500000, 0x00000000a3500000| Untracked 
|  16|0x00000000a3600000, 0x00000000a3600000, 0x00000000a3700000|  0%| F|  |TAMS 0x00000000a3600000, 0x00000000a3600000| Untracked 
|  17|0x00000000a3700000, 0x00000000a3700000, 0x00000000a3800000|  0%| F|  |TAMS 0x00000000a3700000, 0x00000000a3700000| Untracked 
|  18|0x00000000a3800000, 0x00000000a3800000, 0x00000000a3900000|  0%| F|  |TAMS 0x00000000a3800000, 0x00000000a3800000| Untracked 
|  19|0x00000000a3900000, 0x00000000a3900000, 0x00000000a3a00000|  0%| F|  |TAMS 0x00000000a3900000, 0x00000000a3900000| Untracked 
|  20|0x00000000a3a00000, 0x00000000a3a00000, 0x00000000a3b00000|  0%| F|  |TAMS 0x00000000a3a00000, 0x00000000a3a00000| Untracked 
|  21|0x00000000a3b00000, 0x00000000a3b00000, 0x00000000a3c00000|  0%| F|  |TAMS 0x00000000a3b00000, 0x00000000a3b00000| Untracked 
|  22|0x00000000a3c00000, 0x00000000a3c00000, 0x00000000a3d00000|  0%| F|  |TAMS 0x00000000a3c00000, 0x00000000a3c00000| Untracked 
|  23|0x00000000a3d00000, 0x00000000a3d00000, 0x00000000a3e00000|  0%| F|  |TAMS 0x00000000a3d00000, 0x00000000a3d00000| Untracked 
|  24|0x00000000a3e00000, 0x00000000a3e00000, 0x00000000a3f00000|  0%| F|  |TAMS 0x00000000a3e00000, 0x00000000a3e00000| Untracked 
|  25|0x00000000a3f00000, 0x00000000a3f00000, 0x00000000a4000000|  0%| F|  |TAMS 0x00000000a3f00000, 0x00000000a3f00000| Untracked 
|  26|0x00000000a4000000, 0x00000000a4000000, 0x00000000a4100000|  0%| F|  |TAMS 0x00000000a4000000, 0x00000000a4000000| Untracked 
|  27|0x00000000a4100000, 0x00000000a4100000, 0x00000000a4200000|  0%| F|  |TAMS 0x00000000a4100000, 0x00000000a4100000| Untracked 
|  28|0x00000000a4200000, 0x00000000a4200000, 0x00000000a4300000|  0%| F|  |TAMS 0x00000000a4200000, 0x00000000a4200000| Untracked 
|  29|0x00000000a4300000, 0x00000000a4300000, 0x00000000a4400000|  0%| F|  |TAMS 0x00000000a4300000, 0x00000000a4300000| Untracked 
|  30|0x00000000a4400000, 0x00000000a4400000, 0x00000000a4500000|  0%| F|  |TAMS 0x00000000a4400000, 0x00000000a4400000| Untracked 
|  31|0x00000000a4500000, 0x00000000a4500000, 0x00000000a4600000|  0%| F|  |TAMS 0x00000000a4500000, 0x00000000a4500000| Untracked 
|  32|0x00000000a4600000, 0x00000000a4600000, 0x00000000a4700000|  0%| F|  |TAMS 0x00000000a4600000, 0x00000000a4600000| Untracked 
|  33|0x00000000a4700000, 0x00000000a4700000, 0x00000000a4800000|  0%| F|  |TAMS 0x00000000a4700000, 0x00000000a4700000| Untracked 
|  34|0x00000000a4800000, 0x00000000a4800000, 0x00000000a4900000|  0%| F|  |TAMS 0x00000000a4800000, 0x00000000a4800000| Untracked 
|  35|0x00000000a4900000, 0x00000000a4900000, 0x00000000a4a00000|  0%| F|  |TAMS 0x00000000a4900000, 0x00000000a4900000| Untracked 
|  36|0x00000000a4a00000, 0x00000000a4a00000, 0x00000000a4b00000|  0%| F|  |TAMS 0x00000000a4a00000, 0x00000000a4a00000| Untracked 
|  37|0x00000000a4b00000, 0x00000000a4b00000, 0x00000000a4c00000|  0%| F|  |TAMS 0x00000000a4b00000, 0x00000000a4b00000| Untracked 
|  38|0x00000000a4c00000, 0x00000000a4c00000, 0x00000000a4d00000|  0%| F|  |TAMS 0x00000000a4c00000, 0x00000000a4c00000| Untracked 
|  39|0x00000000a4d00000, 0x00000000a4d00000, 0x00000000a4e00000|  0%| F|  |TAMS 0x00000000a4d00000, 0x00000000a4d00000| Untracked 
|  40|0x00000000a4e00000, 0x00000000a4e00000, 0x00000000a4f00000|  0%| F|  |TAMS 0x00000000a4e00000, 0x00000000a4e00000| Untracked 
|  41|0x00000000a4f00000, 0x00000000a4f00000, 0x00000000a5000000|  0%| F|  |TAMS 0x00000000a4f00000, 0x00000000a4f00000| Untracked 
|  42|0x00000000a5000000, 0x00000000a5000000, 0x00000000a5100000|  0%| F|  |TAMS 0x00000000a5000000, 0x00000000a5000000| Untracked 
|  43|0x00000000a5100000, 0x00000000a5100000, 0x00000000a5200000|  0%| F|  |TAMS 0x00000000a5100000, 0x00000000a5100000| Untracked 
|  44|0x00000000a5200000, 0x00000000a5200000, 0x00000000a5300000|  0%| F|  |TAMS 0x00000000a5200000, 0x00000000a5200000| Untracked 
|  45|0x00000000a5300000, 0x00000000a5300000, 0x00000000a5400000|  0%| F|  |TAMS 0x00000000a5300000, 0x00000000a5300000| Untracked 
|  46|0x00000000a5400000, 0x00000000a5400000, 0x00000000a5500000|  0%| F|  |TAMS 0x00000000a5400000, 0x00000000a5400000| Untracked 
|  47|0x00000000a5500000, 0x00000000a5500000, 0x00000000a5600000|  0%| F|  |TAMS 0x00000000a5500000, 0x00000000a5500000| Untracked 
|  48|0x00000000a5600000, 0x00000000a5600000, 0x00000000a5700000|  0%| F|  |TAMS 0x00000000a5600000, 0x00000000a5600000| Untracked 
|  49|0x00000000a5700000, 0x00000000a5700000, 0x00000000a5800000|  0%| F|  |TAMS 0x00000000a5700000, 0x00000000a5700000| Untracked 
|  50|0x00000000a5800000, 0x00000000a5800000, 0x00000000a5900000|  0%| F|  |TAMS 0x00000000a5800000, 0x00000000a5800000| Untracked 
|  51|0x00000000a5900000, 0x00000000a5900000, 0x00000000a5a00000|  0%| F|  |TAMS 0x00000000a5900000, 0x00000000a5900000| Untracked 
|  52|0x00000000a5a00000, 0x00000000a5a00000, 0x00000000a5b00000|  0%| F|  |TAMS 0x00000000a5a00000, 0x00000000a5a00000| Untracked 
|  53|0x00000000a5b00000, 0x00000000a5b00000, 0x00000000a5c00000|  0%| F|  |TAMS 0x00000000a5b00000, 0x00000000a5b00000| Untracked 
|  54|0x00000000a5c00000, 0x00000000a5c00000, 0x00000000a5d00000|  0%| F|  |TAMS 0x00000000a5c00000, 0x00000000a5c00000| Untracked 
|  55|0x00000000a5d00000, 0x00000000a5d00000, 0x00000000a5e00000|  0%| F|  |TAMS 0x00000000a5d00000, 0x00000000a5d00000| Untracked 
|  56|0x00000000a5e00000, 0x00000000a5e00000, 0x00000000a5f00000|  0%| F|  |TAMS 0x00000000a5e00000, 0x00000000a5e00000| Untracked 
|  57|0x00000000a5f00000, 0x00000000a5f00000, 0x00000000a6000000|  0%| F|  |TAMS 0x00000000a5f00000, 0x00000000a5f00000| Untracked 
|  58|0x00000000a6000000, 0x00000000a6000000, 0x00000000a6100000|  0%| F|  |TAMS 0x00000000a6000000, 0x00000000a6000000| Untracked 
|  59|0x00000000a6100000, 0x00000000a6100000, 0x00000000a6200000|  0%| F|  |TAMS 0x00000000a6100000, 0x00000000a6100000| Untracked 
|  60|0x00000000a6200000, 0x00000000a6200000, 0x00000000a6300000|  0%| F|  |TAMS 0x00000000a6200000, 0x00000000a6200000| Untracked 
|  61|0x00000000a6300000, 0x00000000a6300000, 0x00000000a6400000|  0%| F|  |TAMS 0x00000000a6300000, 0x00000000a6300000| Untracked 
|  62|0x00000000a6400000, 0x00000000a6400000, 0x00000000a6500000|  0%| F|  |TAMS 0x00000000a6400000, 0x00000000a6400000| Untracked 
|  63|0x00000000a6500000, 0x00000000a6500000, 0x00000000a6600000|  0%| F|  |TAMS 0x00000000a6500000, 0x00000000a6500000| Untracked 
|  64|0x00000000a6600000, 0x00000000a6600000, 0x00000000a6700000|  0%| F|  |TAMS 0x00000000a6600000, 0x00000000a6600000| Untracked 
|  65|0x00000000a6700000, 0x00000000a6700000, 0x00000000a6800000|  0%| F|  |TAMS 0x00000000a6700000, 0x00000000a6700000| Untracked 
|  66|0x00000000a6800000, 0x00000000a6800000, 0x00000000a6900000|  0%| F|  |TAMS 0x00000000a6800000, 0x00000000a6800000| Untracked 
|  67|0x00000000a6900000, 0x00000000a6a00000, 0x00000000a6a00000|100%| S|CS|TAMS 0x00000000a6900000, 0x00000000a6900000| Complete 
|  68|0x00000000a6a00000, 0x00000000a6b00000, 0x00000000a6b00000|100%| S|CS|TAMS 0x00000000a6a00000, 0x00000000a6a00000| Complete 
|  69|0x00000000a6b00000, 0x00000000a6c00000, 0x00000000a6c00000|100%| S|CS|TAMS 0x00000000a6b00000, 0x00000000a6b00000| Complete 
|  70|0x00000000a6c00000, 0x00000000a6c00000, 0x00000000a6d00000|  0%| F|  |TAMS 0x00000000a6c00000, 0x00000000a6c00000| Untracked 
|  71|0x00000000a6d00000, 0x00000000a6d00000, 0x00000000a6e00000|  0%| F|  |TAMS 0x00000000a6d00000, 0x00000000a6d00000| Untracked 
|  72|0x00000000a6e00000, 0x00000000a6e00000, 0x00000000a6f00000|  0%| F|  |TAMS 0x00000000a6e00000, 0x00000000a6e00000| Untracked 
|  73|0x00000000a6f00000, 0x00000000a6f00000, 0x00000000a7000000|  0%| F|  |TAMS 0x00000000a6f00000, 0x00000000a6f00000| Untracked 
|  74|0x00000000a7000000, 0x00000000a7000000, 0x00000000a7100000|  0%| F|  |TAMS 0x00000000a7000000, 0x00000000a7000000| Untracked 
|  75|0x00000000a7100000, 0x00000000a7100000, 0x00000000a7200000|  0%| F|  |TAMS 0x00000000a7100000, 0x00000000a7100000| Untracked 
|  76|0x00000000a7200000, 0x00000000a7300000, 0x00000000a7300000|100%| E|  |TAMS 0x00000000a7200000, 0x00000000a7200000| Complete 
|  77|0x00000000a7300000, 0x00000000a7400000, 0x00000000a7400000|100%| E|CS|TAMS 0x00000000a7300000, 0x00000000a7300000| Complete 
|  78|0x00000000a7400000, 0x00000000a7500000, 0x00000000a7500000|100%| E|CS|TAMS 0x00000000a7400000, 0x00000000a7400000| Complete 
|  79|0x00000000a7500000, 0x00000000a7600000, 0x00000000a7600000|100%| E|CS|TAMS 0x00000000a7500000, 0x00000000a7500000| Complete 
|  80|0x00000000a7600000, 0x00000000a7700000, 0x00000000a7700000|100%| E|CS|TAMS 0x00000000a7600000, 0x00000000a7600000| Complete 
|  81|0x00000000a7700000, 0x00000000a7800000, 0x00000000a7800000|100%| E|CS|TAMS 0x00000000a7700000, 0x00000000a7700000| Complete 
|  82|0x00000000a7800000, 0x00000000a7900000, 0x00000000a7900000|100%| E|CS|TAMS 0x00000000a7800000, 0x00000000a7800000| Complete 
|  83|0x00000000a7900000, 0x00000000a7a00000, 0x00000000a7a00000|100%| E|CS|TAMS 0x00000000a7900000, 0x00000000a7900000| Complete 
|  84|0x00000000a7a00000, 0x00000000a7b00000, 0x00000000a7b00000|100%| E|CS|TAMS 0x00000000a7a00000, 0x00000000a7a00000| Complete 
|  85|0x00000000a7b00000, 0x00000000a7c00000, 0x00000000a7c00000|100%| E|CS|TAMS 0x00000000a7b00000, 0x00000000a7b00000| Complete 
|  86|0x00000000a7c00000, 0x00000000a7d00000, 0x00000000a7d00000|100%| E|CS|TAMS 0x00000000a7c00000, 0x00000000a7c00000| Complete 
|  87|0x00000000a7d00000, 0x00000000a7e00000, 0x00000000a7e00000|100%| E|CS|TAMS 0x00000000a7d00000, 0x00000000a7d00000| Complete 
|  88|0x00000000a7e00000, 0x00000000a7f00000, 0x00000000a7f00000|100%| E|CS|TAMS 0x00000000a7e00000, 0x00000000a7e00000| Complete 
|  89|0x00000000a7f00000, 0x00000000a8000000, 0x00000000a8000000|100%| E|CS|TAMS 0x00000000a7f00000, 0x00000000a7f00000| Complete 
|  90|0x00000000a8000000, 0x00000000a8100000, 0x00000000a8100000|100%| E|CS|TAMS 0x00000000a8000000, 0x00000000a8000000| Complete 
|  91|0x00000000a8100000, 0x00000000a8200000, 0x00000000a8200000|100%| E|CS|TAMS 0x00000000a8100000, 0x00000000a8100000| Complete 
|  92|0x00000000a8200000, 0x00000000a8300000, 0x00000000a8300000|100%| E|CS|TAMS 0x00000000a8200000, 0x00000000a8200000| Complete 
|  93|0x00000000a8300000, 0x00000000a8400000, 0x00000000a8400000|100%| E|CS|TAMS 0x00000000a8300000, 0x00000000a8300000| Complete 

Card table byte_map: [0x00000205aff20000,0x00000205b0210000] _byte_map_base: 0x00000205afa0d000

Marking Bits (Prev, Next): (CMBitMap*) 0x0000020598d036b8, (CMBitMap*) 0x0000020598d036f0
 Prev Bits: [0x00000205b0500000, 0x00000205b1c68000)
 Next Bits: [0x00000205b1c70000, 0x00000205b33d8000)

Polling page: 0x0000020596ca0000

Metaspace:

Usage:
  Non-class:     14.56 MB capacity,    14.33 MB ( 98%) used,   193.85 KB (  1%) free+waste,    48.69 KB ( <1%) overhead. 
      Class:      2.21 MB capacity,     2.00 MB ( 90%) used,   192.59 KB (  8%) free+waste,    26.25 KB (  1%) overhead. 
       Both:     16.78 MB capacity,    16.33 MB ( 97%) used,   386.45 KB (  2%) free+waste,    74.94 KB ( <1%) overhead. 

Virtual space:
  Non-class space:       16.00 MB reserved,      14.75 MB ( 92%) committed 
      Class space:        1.00 GB reserved,       2.25 MB ( <1%) committed 
             Both:        1.02 GB reserved,      17.00 MB (  2%) committed 

Chunk freelists:
   Non-Class:  0 bytes
       Class:  512 bytes
        Both:  512 bytes

CodeHeap 'non-profiled nmethods': size=119168Kb used=469Kb max_used=469Kb free=118698Kb
 bounds [0x00000205a7f40000, 0x00000205a81b0000, 0x00000205af3a0000]
CodeHeap 'profiled nmethods': size=119168Kb used=2594Kb max_used=2594Kb free=116573Kb
 bounds [0x00000205a0ae0000, 0x00000205a0d70000, 0x00000205a7f40000]
CodeHeap 'non-nmethods': size=7424Kb used=2943Kb max_used=2952Kb free=4480Kb
 bounds [0x00000205a03a0000, 0x00000205a0690000, 0x00000205a0ae0000]
 total_blobs=2068 nmethods=1422 adapters=555
 compilation: enabled
              stopped_count=0, restarted_count=0
 full_count=0

Compilation events (10 events):
Event: 1.730 Thread 0x00000205b6ec2800 1423       1       javafx.css.ParsedValue::getValue (5 bytes)
Event: 1.730 Thread 0x00000205b6ec2800 nmethod 1423 0x00000205a7fb4b90 code [0x00000205a7fb4d20, 0x00000205a7fb4dd8]
Event: 1.735 Thread 0x00000205b6fa7800 1424       4       java.lang.String::equals (65 bytes)
Event: 1.740 Thread 0x00000205b6fa7800 nmethod 1424 0x00000205a7fb4e90 code [0x00000205a7fb5020, 0x00000205a7fb51f8]
Event: 1.741 Thread 0x00000205b6f69000 1425       3       jdk.internal.reflect.MagicAccessorImpl::<init> (5 bytes)
Event: 1.741 Thread 0x00000205b6f69000 nmethod 1425 0x00000205a0d67f10 code [0x00000205a0d680a0, 0x00000205a0d681f8]
Event: 1.741 Thread 0x00000205b63a3800 1426       3       jdk.internal.reflect.ReflectionFactory::langReflectAccess (15 bytes)
Event: 1.742 Thread 0x00000205b63a3800 nmethod 1426 0x00000205a0d68290 code [0x00000205a0d68440, 0x00000205a0d685f8]
Event: 1.747 Thread 0x00000205b6f5e000 1428       3       jdk.internal.misc.Unsafe::weakCompareAndSetInt (11 bytes)
Event: 1.747 Thread 0x00000205b6f5e000 nmethod 1428 0x00000205a0d68690 code [0x00000205a0d68820, 0x00000205a0d68938]

GC Heap History (2 events):
Event: 1.261 GC heap before
{Heap before GC invocations=0 (full 0):
 garbage-first heap   total 96256K, used 23552K [0x00000000a2600000, 0x0000000100000000)
  region size 1024K, 24 young (24576K), 0 survivors (0K)
 Metaspace       used 12047K, capacity 12420K, committed 12544K, reserved 1060864K
  class space    used 1305K, capacity 1482K, committed 1536K, reserved 1048576K
}
Event: 1.267 GC heap after
{Heap after GC invocations=1 (full 0):
 garbage-first heap   total 96256K, used 3373K [0x00000000a2600000, 0x0000000100000000)
  region size 1024K, 3 young (3072K), 3 survivors (3072K)
 Metaspace       used 12047K, capacity 12420K, committed 12544K, reserved 1060864K
  class space    used 1305K, capacity 1482K, committed 1536K, reserved 1048576K
}

Deoptimization events (10 events):
Event: 1.423 Thread 0x00000205b7702800 Uncommon trap: reason=bimorphic_or_optimized_type_check action=maybe_recompile pc=0x00000205a7f922f0 method=java.util.HashMap.getNode(ILjava/lang/Object;)Ljava/util/HashMap$Node; @ 59 c2
Event: 1.423 Thread 0x00000205b7702800 Uncommon trap: reason=bimorphic_or_optimized_type_check action=maybe_recompile pc=0x00000205a7f922f0 method=java.util.HashMap.getNode(ILjava/lang/Object;)Ljava/util/HashMap$Node; @ 59 c2
Event: 1.424 Thread 0x00000205b7702800 Uncommon trap: reason=bimorphic_or_optimized_type_check action=maybe_recompile pc=0x00000205a7f922f0 method=java.util.HashMap.getNode(ILjava/lang/Object;)Ljava/util/HashMap$Node; @ 59 c2
Event: 1.424 Thread 0x00000205b7702800 Uncommon trap: reason=unstable_if action=reinterpret pc=0x00000205a7f94298 method=java.util.HashMap.putVal(ILjava/lang/Object;Ljava/lang/Object;ZZ)Ljava/lang/Object; @ 162 c2
Event: 1.431 Thread 0x00000205b7702800 Uncommon trap: reason=unstable_if action=reinterpret pc=0x00000205a7fab164 method=java.util.HashMap.getNode(ILjava/lang/Object;)Ljava/util/HashMap$Node; @ 84 c2
Event: 1.452 Thread 0x00000205b80ca000 Uncommon trap: reason=unstable_if action=reinterpret pc=0x00000205a7fad794 method=java.util.HashMap.hash(Ljava/lang/Object;)I @ 1 c2
Event: 1.724 Thread 0x00000205b7702800 Uncommon trap: reason=class_check action=maybe_recompile pc=0x00000205a7f518dc method=java.lang.String.equals(Ljava/lang/Object;)Z @ 8 c2
Event: 1.724 Thread 0x00000205b7702800 Uncommon trap: reason=class_check action=maybe_recompile pc=0x00000205a7f518dc method=java.lang.String.equals(Ljava/lang/Object;)Z @ 8 c2
Event: 1.724 Thread 0x00000205b7702800 Uncommon trap: reason=class_check action=maybe_recompile pc=0x00000205a7f518dc method=java.lang.String.equals(Ljava/lang/Object;)Z @ 8 c2
Event: 1.727 Thread 0x00000205b7702800 Uncommon trap: reason=class_check action=maybe_recompile pc=0x00000205a7f518dc method=java.lang.String.equals(Ljava/lang/Object;)Z @ 8 c2

Classes redefined (0 events):
No events

Internal exceptions (10 events):
Event: 1.303 Thread 0x00000205b7702800 Exception <a 'java/lang/NoSuchMethodError'{0x00000000a82ba8a0}: java.lang.invoke.DirectMethodHandle$Holder.invokeStatic(Ljava/lang/Object;Ljava/lang/Object;Ljava/lang/Object;Ljava/lang/Object;Ljava/lang/Object;Ljava/lang/Object;Ljava/lang/Object;Ljava/lan
Event: 1.307 Thread 0x00000205b7702800 Exception <a 'java/lang/NoSuchMethodError'{0x00000000a82daef0}: java.lang.invoke.DirectMethodHandle$Holder.invokeStatic(Ljava/lang/Object;Ljava/lang/Object;Ljava/lang/Object;Ljava/lang/Object;Ljava/lang/Object;Ljava/lang/Object;Ljava/lang/Object;Ljava/lan
Event: 1.344 Thread 0x00000205b7702800 Exception <a 'java/lang/NoSuchMethodError'{0x00000000a7e8f910}: java.lang.invoke.DirectMethodHandle$Holder.invokeStatic(Ljava/lang/Object;Ljava/lang/Object;Ljava/lang/Object;Ljava/lang/Object;Ljava/lang/Object;Ljava/lang/Object;Ljava/lang/Object;Ljava/lan
Event: 1.346 Thread 0x00000205b7702800 Exception <a 'java/lang/NoSuchMethodError'{0x00000000a7e9d670}: java.lang.invoke.DirectMethodHandle$Holder.invokeStatic(Ljava/lang/Object;Ljava/lang/Object;Ljava/lang/Object;Ljava/lang/Object;Ljava/lang/Object;Ljava/lang/Object;Ljava/lang/Object;Ljava/lan
Event: 1.348 Thread 0x00000205b7702800 Exception <a 'java/lang/NoSuchMethodError'{0x00000000a7eab2d8}: java.lang.invoke.DirectMethodHandle$Holder.invokeSpecial(Ljava/lang/Object;Ljava/lang/Object;IILjava/lang/Object;Ljava/lang/Object;Ljava/lang/Object;)Ljava/lang/Object;> (0x00000000a7eab2d8) 
Event: 1.348 Thread 0x00000205b7702800 Exception <a 'java/lang/NoSuchMethodError'{0x00000000a7eae860}: java.lang.invoke.DelegatingMethodHandle$Holder.reinvoke_L(Ljava/lang/Object;IILjava/lang/Object;Ljava/lang/Object;Ljava/lang/Object;)Ljava/lang/Object;> (0x00000000a7eae860) thrown at [./open
Event: 1.349 Thread 0x00000205b7702800 Exception <a 'java/lang/NoSuchMethodError'{0x00000000a7eb29e8}: java.lang.invoke.DirectMethodHandle$Holder.invokeStatic(Ljava/lang/Object;Ljava/lang/Object;Ljava/lang/Object;Ljava/lang/Object;I)Ljava/lang/Object;> (0x00000000a7eb29e8) thrown at [./open/sr
Event: 1.400 Thread 0x00000205b80ca000 Exception <a 'sun/nio/fs/WindowsException'{0x00000000a7b49770}> (0x00000000a7b49770) thrown at [./open/src/hotspot/share/prims/jni.cpp, line 611]
Event: 1.452 Thread 0x00000205b80ca000 Implicit null exception at 0x00000205a7fad5d5 to 0x00000205a7fad784
Event: 1.740 Thread 0x00000205b7702800 Exception <a 'java/lang/NoSuchMethodError'{0x00000000a7286410}: java.lang.invoke.DirectMethodHandle$Holder.invokeStaticInit(Ljava/lang/Object;Ljava/lang/Object;)I> (0x00000000a7286410) thrown at [./open/src/hotspot/share/interpreter/linkResolver.cpp, line

Events (10 events):
Event: 1.746 loading class javafx/event/ActionEvent
Event: 1.746 loading class javafx/event/ActionEvent done
Event: 1.746 loading class javafx/scene/control/skin/MenuBarSkin
Event: 1.746 loading class javafx/scene/control/skin/MenuBarSkin done
Event: 1.746 loading class javafx/collections/ListChangeListener$Change
Event: 1.746 loading class javafx/collections/ListChangeListener$Change done
Event: 1.746 loading class javafx/collections/ListChangeListener$Change
Event: 1.746 loading class javafx/collections/ListChangeListener$Change done
Event: 1.746 loading class javafx/scene/control/skin/MenuBarSkin
Event: 1.746 loading class javafx/scene/control/skin/MenuBarSkin done


Dynamic libraries:
0x00007ff68a530000 - 0x00007ff68a540000 	C:\Program Files\Java\jdk-11\bin\javaw.exe
0x00007ffc4df30000 - 0x00007ffc4e147000 	C:\Windows\SYSTEM32\ntdll.dll
0x00007ffc4ce40000 - 0x00007ffc4cf04000 	C:\Windows\System32\KERNEL32.DLL
0x00007ffc4b670000 - 0x00007ffc4ba16000 	C:\Windows\System32\KERNELBASE.dll
0x00007ffc4bb60000 - 0x00007ffc4bc71000 	C:\Windows\System32\ucrtbase.dll
0x00007ffc48270000 - 0x00007ffc48288000 	C:\Program Files\Java\jdk-11\bin\jli.dll
0x00007ffc48290000 - 0x00007ffc482ab000 	C:\Program Files\Java\jdk-11\bin\VCRUNTIME140.dll
0x00007ffc4d2a0000 - 0x00007ffc4d351000 	C:\Windows\System32\ADVAPI32.dll
0x00007ffc4be80000 - 0x00007ffc4bf27000 	C:\Windows\System32\msvcrt.dll
0x00007ffc4de30000 - 0x00007ffc4ded5000 	C:\Windows\System32\sechost.dll
0x00007ffc4d8a0000 - 0x00007ffc4d9b7000 	C:\Windows\System32\RPCRT4.dll
0x00007ffc4bf30000 - 0x00007ffc4c0de000 	C:\Windows\System32\USER32.dll
0x00007ffc4bb30000 - 0x00007ffc4bb56000 	C:\Windows\System32\win32u.dll
0x00007ffc2a720000 - 0x00007ffc2a9b3000 	C:\Windows\WinSxS\amd64_microsoft.windows.common-controls_6595b64144ccf1df_6.0.22621.2506_none_270c5ae97388e100\COMCTL32.dll
0x00007ffc4c300000 - 0x00007ffc4c329000 	C:\Windows\System32\GDI32.dll
0x00007ffc4b550000 - 0x00007ffc4b668000 	C:\Windows\System32\gdi32full.dll
0x00007ffc4ba20000 - 0x00007ffc4baba000 	C:\Windows\System32\msvcp_win.dll
0x00007ffc422b0000 - 0x00007ffc422ba000 	C:\Windows\SYSTEM32\VERSION.dll
0x00007ffc4cd80000 - 0x00007ffc4cdb1000 	C:\Windows\System32\IMM32.DLL
0x00007ffc482c0000 - 0x00007ffc482cc000 	C:\Program Files\Java\jdk-11\bin\vcruntime140_1.dll
0x00007ffc3c1b0000 - 0x00007ffc3c23e000 	C:\Program Files\Java\jdk-11\bin\msvcp140.dll
0x00007ffbf3e70000 - 0x00007ffbf49d8000 	C:\Program Files\Java\jdk-11\bin\server\jvm.dll
0x00007ffc4dee0000 - 0x00007ffc4dee8000 	C:\Windows\System32\PSAPI.DLL
0x00007ffc23410000 - 0x00007ffc23419000 	C:\Windows\SYSTEM32\WSOCK32.dll
0x00007ffc43110000 - 0x00007ffc43144000 	C:\Windows\SYSTEM32\WINMM.dll
0x00007ffc4cdc0000 - 0x00007ffc4ce31000 	C:\Windows\System32\WS2_32.dll
0x00007ffc4a2a0000 - 0x00007ffc4a2b8000 	C:\Windows\SYSTEM32\kernel.appcore.dll
0x00007ffc44ce0000 - 0x00007ffc44cf0000 	C:\Program Files\Java\jdk-11\bin\verify.dll
0x00007ffc48ba0000 - 0x00007ffc48dd3000 	C:\Windows\SYSTEM32\DBGHELP.DLL
0x00007ffc4cf10000 - 0x00007ffc4d299000 	C:\Windows\System32\combase.dll
0x00007ffc4bda0000 - 0x00007ffc4be77000 	C:\Windows\System32\OLEAUT32.dll
0x00007ffc372e0000 - 0x00007ffc37312000 	C:\Windows\SYSTEM32\dbgcore.DLL
0x00007ffc4b4d0000 - 0x00007ffc4b54a000 	C:\Windows\System32\bcryptPrimitives.dll
0x00007ffc3c180000 - 0x00007ffc3c1a8000 	C:\Program Files\Java\jdk-11\bin\java.dll
0x00007ffc41640000 - 0x00007ffc4164a000 	C:\Program Files\Java\jdk-11\bin\jimage.dll
0x00007ffc3c120000 - 0x00007ffc3c137000 	C:\Program Files\Java\jdk-11\bin\zip.dll
0x00007ffc4c4b0000 - 0x00007ffc4cd0a000 	C:\Windows\System32\SHELL32.dll
0x00007ffc491c0000 - 0x00007ffc49ab6000 	C:\Windows\SYSTEM32\windows.storage.dll
0x00007ffc49080000 - 0x00007ffc491be000 	C:\Windows\SYSTEM32\wintypes.dll
0x00007ffc4c330000 - 0x00007ffc4c423000 	C:\Windows\System32\SHCORE.dll
0x00007ffc4c2a0000 - 0x00007ffc4c2fe000 	C:\Windows\System32\shlwapi.dll
0x00007ffc4b1d0000 - 0x00007ffc4b1f6000 	C:\Windows\SYSTEM32\profapi.dll
0x00007ffc3c100000 - 0x00007ffc3c119000 	C:\Program Files\Java\jdk-11\bin\net.dll
0x00007ffc441d0000 - 0x00007ffc44307000 	C:\Windows\SYSTEM32\WINHTTP.dll
0x00007ffc4a720000 - 0x00007ffc4a789000 	C:\Windows\system32\mswsock.dll
0x00007ffc3b390000 - 0x00007ffc3b3a2000 	C:\Program Files\Java\jdk-11\bin\nio.dll
0x0000020596ce0000 - 0x0000020596ce3000 	C:\Users\steve\Downloads\openjfx-17.0.7_windows-x64_bin-sdk\javafx-sdk-17.0.7\bin\api-ms-win-core-console-l1-1-0.dll
0x0000020598c60000 - 0x0000020598c63000 	C:\Users\steve\Downloads\openjfx-17.0.7_windows-x64_bin-sdk\javafx-sdk-17.0.7\bin\api-ms-win-core-console-l1-2-0.dll
0x0000020598c70000 - 0x0000020598c73000 	C:\Users\steve\Downloads\openjfx-17.0.7_windows-x64_bin-sdk\javafx-sdk-17.0.7\bin\api-ms-win-core-datetime-l1-1-0.dll
0x0000020598c80000 - 0x0000020598c83000 	C:\Users\steve\Downloads\openjfx-17.0.7_windows-x64_bin-sdk\javafx-sdk-17.0.7\bin\api-ms-win-core-debug-l1-1-0.dll
0x0000020598c90000 - 0x0000020598c93000 	C:\Users\steve\Downloads\openjfx-17.0.7_windows-x64_bin-sdk\javafx-sdk-17.0.7\bin\api-ms-win-core-errorhandling-l1-1-0.dll
0x00000205b78b0000 - 0x00000205b78b4000 	C:\Users\steve\Downloads\openjfx-17.0.7_windows-x64_bin-sdk\javafx-sdk-17.0.7\bin\api-ms-win-core-file-l1-1-0.dll
0x00000205b78c0000 - 0x00000205b78c3000 	C:\Users\steve\Downloads\openjfx-17.0.7_windows-x64_bin-sdk\javafx-sdk-17.0.7\bin\api-ms-win-core-file-l1-2-0.dll
0x00000205b78d0000 - 0x00000205b78d3000 	C:\Users\steve\Downloads\openjfx-17.0.7_windows-x64_bin-sdk\javafx-sdk-17.0.7\bin\api-ms-win-core-file-l2-1-0.dll
0x00000205b78e0000 - 0x00000205b78e3000 	C:\Users\steve\Downloads\openjfx-17.0.7_windows-x64_bin-sdk\javafx-sdk-17.0.7\bin\api-ms-win-core-handle-l1-1-0.dll
0x00000205b78f0000 - 0x00000205b78f3000 	C:\Users\steve\Downloads\openjfx-17.0.7_windows-x64_bin-sdk\javafx-sdk-17.0.7\bin\api-ms-win-core-heap-l1-1-0.dll
0x00000205b7900000 - 0x00000205b7903000 	C:\Users\steve\Downloads\openjfx-17.0.7_windows-x64_bin-sdk\javafx-sdk-17.0.7\bin\api-ms-win-core-interlocked-l1-1-0.dll
0x00000205b7910000 - 0x00000205b7913000 	C:\Users\steve\Downloads\openjfx-17.0.7_windows-x64_bin-sdk\javafx-sdk-17.0.7\bin\api-ms-win-core-libraryloader-l1-1-0.dll
0x00000205b7920000 - 0x00000205b7923000 	C:\Users\steve\Downloads\openjfx-17.0.7_windows-x64_bin-sdk\javafx-sdk-17.0.7\bin\api-ms-win-core-localization-l1-2-0.dll
0x00000205b7930000 - 0x00000205b7933000 	C:\Users\steve\Downloads\openjfx-17.0.7_windows-x64_bin-sdk\javafx-sdk-17.0.7\bin\api-ms-win-core-memory-l1-1-0.dll
0x00000205b7940000 - 0x00000205b7943000 	C:\Users\steve\Downloads\openjfx-17.0.7_windows-x64_bin-sdk\javafx-sdk-17.0.7\bin\api-ms-win-core-namedpipe-l1-1-0.dll
0x00000205b7950000 - 0x00000205b7953000 	C:\Users\steve\Downloads\openjfx-17.0.7_windows-x64_bin-sdk\javafx-sdk-17.0.7\bin\api-ms-win-core-processenvironment-l1-1-0.dll
0x00000205b7960000 - 0x00000205b7963000 	C:\Users\steve\Downloads\openjfx-17.0.7_windows-x64_bin-sdk\javafx-sdk-17.0.7\bin\api-ms-win-core-processthreads-l1-1-0.dll
0x00000205b7970000 - 0x00000205b7973000 	C:\Users\steve\Downloads\openjfx-17.0.7_windows-x64_bin-sdk\javafx-sdk-17.0.7\bin\api-ms-win-core-processthreads-l1-1-1.dll
0x00000205b7980000 - 0x00000205b7983000 	C:\Users\steve\Downloads\openjfx-17.0.7_windows-x64_bin-sdk\javafx-sdk-17.0.7\bin\api-ms-win-core-profile-l1-1-0.dll
0x00000205b7990000 - 0x00000205b7993000 	C:\Users\steve\Downloads\openjfx-17.0.7_windows-x64_bin-sdk\javafx-sdk-17.0.7\bin\api-ms-win-core-rtlsupport-l1-1-0.dll
0x00000205b79a0000 - 0x00000205b79a3000 	C:\Users\steve\Downloads\openjfx-17.0.7_windows-x64_bin-sdk\javafx-sdk-17.0.7\bin\api-ms-win-core-string-l1-1-0.dll
0x00000205b79b0000 - 0x00000205b79b3000 	C:\Users\steve\Downloads\openjfx-17.0.7_windows-x64_bin-sdk\javafx-sdk-17.0.7\bin\api-ms-win-core-synch-l1-1-0.dll
0x00000205b79c0000 - 0x00000205b79c3000 	C:\Users\steve\Downloads\openjfx-17.0.7_windows-x64_bin-sdk\javafx-sdk-17.0.7\bin\api-ms-win-core-synch-l1-2-0.dll
0x00000205b79d0000 - 0x00000205b79d3000 	C:\Users\steve\Downloads\openjfx-17.0.7_windows-x64_bin-sdk\javafx-sdk-17.0.7\bin\api-ms-win-core-sysinfo-l1-1-0.dll
0x00000205b79e0000 - 0x00000205b79e3000 	C:\Users\steve\Downloads\openjfx-17.0.7_windows-x64_bin-sdk\javafx-sdk-17.0.7\bin\api-ms-win-core-timezone-l1-1-0.dll
0x00000205b79f0000 - 0x00000205b79f3000 	C:\Users\steve\Downloads\openjfx-17.0.7_windows-x64_bin-sdk\javafx-sdk-17.0.7\bin\api-ms-win-core-util-l1-1-0.dll
0x00000205b7a00000 - 0x00000205b7a03000 	C:\Users\steve\Downloads\openjfx-17.0.7_windows-x64_bin-sdk\javafx-sdk-17.0.7\bin\api-ms-win-crt-conio-l1-1-0.dll
0x00000205b7a10000 - 0x00000205b7a14000 	C:\Users\steve\Downloads\openjfx-17.0.7_windows-x64_bin-sdk\javafx-sdk-17.0.7\bin\api-ms-win-crt-convert-l1-1-0.dll
0x00000205b7a20000 - 0x00000205b7a23000 	C:\Users\steve\Downloads\openjfx-17.0.7_windows-x64_bin-sdk\javafx-sdk-17.0.7\bin\api-ms-win-crt-environment-l1-1-0.dll
0x00000205b7a30000 - 0x00000205b7a33000 	C:\Users\steve\Downloads\openjfx-17.0.7_windows-x64_bin-sdk\javafx-sdk-17.0.7\bin\api-ms-win-crt-filesystem-l1-1-0.dll
0x00000205b7a40000 - 0x00000205b7a43000 	C:\Users\steve\Downloads\openjfx-17.0.7_windows-x64_bin-sdk\javafx-sdk-17.0.7\bin\api-ms-win-crt-heap-l1-1-0.dll
0x00000205b7a50000 - 0x00000205b7a53000 	C:\Users\steve\Downloads\openjfx-17.0.7_windows-x64_bin-sdk\javafx-sdk-17.0.7\bin\api-ms-win-crt-locale-l1-1-0.dll
0x00000205b7a60000 - 0x00000205b7a65000 	C:\Users\steve\Downloads\openjfx-17.0.7_windows-x64_bin-sdk\javafx-sdk-17.0.7\bin\api-ms-win-crt-math-l1-1-0.dll
0x00000205b7a70000 - 0x00000205b7a75000 	C:\Users\steve\Downloads\openjfx-17.0.7_windows-x64_bin-sdk\javafx-sdk-17.0.7\bin\api-ms-win-crt-multibyte-l1-1-0.dll
0x00000205b7a80000 - 0x00000205b7a90000 	C:\Users\steve\Downloads\openjfx-17.0.7_windows-x64_bin-sdk\javafx-sdk-17.0.7\bin\api-ms-win-crt-private-l1-1-0.dll
0x00000205b7a90000 - 0x00000205b7a93000 	C:\Users\steve\Downloads\openjfx-17.0.7_windows-x64_bin-sdk\javafx-sdk-17.0.7\bin\api-ms-win-crt-process-l1-1-0.dll
0x00000205b7aa0000 - 0x00000205b7aa4000 	C:\Users\steve\Downloads\openjfx-17.0.7_windows-x64_bin-sdk\javafx-sdk-17.0.7\bin\api-ms-win-crt-runtime-l1-1-0.dll
0x00000205b7ab0000 - 0x00000205b7ab4000 	C:\Users\steve\Downloads\openjfx-17.0.7_windows-x64_bin-sdk\javafx-sdk-17.0.7\bin\api-ms-win-crt-stdio-l1-1-0.dll
0x00000205b7ac0000 - 0x00000205b7ac4000 	C:\Users\steve\Downloads\openjfx-17.0.7_windows-x64_bin-sdk\javafx-sdk-17.0.7\bin\api-ms-win-crt-string-l1-1-0.dll
0x00000205b7ad0000 - 0x00000205b7ad3000 	C:\Users\steve\Downloads\openjfx-17.0.7_windows-x64_bin-sdk\javafx-sdk-17.0.7\bin\api-ms-win-crt-time-l1-1-0.dll
0x00000205b7ae0000 - 0x00000205b7ae3000 	C:\Users\steve\Downloads\openjfx-17.0.7_windows-x64_bin-sdk\javafx-sdk-17.0.7\bin\api-ms-win-crt-utility-l1-1-0.dll
0x00007ffc3acc0000 - 0x00007ffc3adbc000 	C:\Users\steve\Downloads\openjfx-17.0.7_windows-x64_bin-sdk\javafx-sdk-17.0.7\bin\ucrtbase.dll
0x00007ffc3b370000 - 0x00007ffc3b38b000 	C:\Users\steve\Downloads\openjfx-17.0.7_windows-x64_bin-sdk\javafx-sdk-17.0.7\bin\vcruntime140.dll
0x00007ffc3c610000 - 0x00007ffc3c61c000 	C:\Users\steve\Downloads\openjfx-17.0.7_windows-x64_bin-sdk\javafx-sdk-17.0.7\bin\vcruntime140_1.dll
0x00007ffc2a410000 - 0x00007ffc2a49e000 	C:\Users\steve\Downloads\openjfx-17.0.7_windows-x64_bin-sdk\javafx-sdk-17.0.7\bin\msvcp140.dll
0x00007ffc3acb0000 - 0x00007ffc3acb9000 	C:\Users\steve\Downloads\openjfx-17.0.7_windows-x64_bin-sdk\javafx-sdk-17.0.7\bin\msvcp140_1.dll
0x00007ffc3ac80000 - 0x00007ffc3acb0000 	C:\Users\steve\Downloads\openjfx-17.0.7_windows-x64_bin-sdk\javafx-sdk-17.0.7\bin\msvcp140_2.dll
0x00007ffc3ac50000 - 0x00007ffc3ac7a000 	C:\Users\steve\Downloads\openjfx-17.0.7_windows-x64_bin-sdk\javafx-sdk-17.0.7\bin\prism_d3d.dll
0x00007ffc012d0000 - 0x00007ffc01479000 	C:\Windows\system32\d3d9.dll
0x00007ffc48650000 - 0x00007ffc4867b000 	C:\Windows\SYSTEM32\dwmapi.dll
0x00007ffc48500000 - 0x00007ffc48536000 	C:\Windows\SYSTEM32\dxcore.dll
0x00007ffc483f0000 - 0x00007ffc4849b000 	C:\Windows\system32\uxtheme.dll
0x00007ffc40f50000 - 0x00007ffc4110b000 	C:\Windows\System32\DriverStore\FileRepository\u0390835.inf_amd64_66888840aa4163cc\B390488\aticfx64.dll
0x00007ffc17be0000 - 0x00007ffc17c14000 	C:\Windows\System32\DriverStore\FileRepository\u0390835.inf_amd64_66888840aa4163cc\B390488\atiu9p64.dll
0x00007ffbf3110000 - 0x00007ffbf3e65000 	C:\Windows\System32\DriverStore\FileRepository\u0390835.inf_amd64_66888840aa4163cc\B390488\atiumd64.dll
0x00007ffc4dc90000 - 0x00007ffc4de30000 	C:\Windows\System32\ole32.dll
0x0000000067ef0000 - 0x0000000068e18000 	C:\Windows\System32\DriverStore\FileRepository\u0390835.inf_amd64_66888840aa4163cc\B390488\atiumd6a.dll
0x00007ffc4d360000 - 0x00007ffc4d7d4000 	C:\Windows\System32\SETUPAPI.dll
0x00007ffc4afc0000 - 0x00007ffc4b00d000 	C:\Windows\SYSTEM32\POWRPROF.dll
0x00007ffc4abd0000 - 0x00007ffc4abf8000 	C:\Windows\SYSTEM32\bcrypt.dll
0x00007ffc4afa0000 - 0x00007ffc4afb3000 	C:\Windows\SYSTEM32\UMPDC.dll
0x00007ffc40480000 - 0x00007ffc404b5000 	C:\Windows\SYSTEM32\amdihk64.dll
0x00007ffc44560000 - 0x00007ffc445aa000 	C:\Windows\SYSTEM32\directxdatabasehelper.dll
0x00007ffc0cf90000 - 0x00007ffc0cfd2000 	C:\Users\steve\Downloads\openjfx-17.0.7_windows-x64_bin-sdk\javafx-sdk-17.0.7\bin\glass.dll
0x00007ffc4db90000 - 0x00007ffc4dc89000 	C:\Windows\System32\COMDLG32.dll
0x00007ffc4da30000 - 0x00007ffc4db80000 	C:\Windows\System32\MSCTF.dll
0x00007ffc34160000 - 0x00007ffc34174000 	C:\Users\steve\Downloads\openjfx-17.0.7_windows-x64_bin-sdk\javafx-sdk-17.0.7\bin\javafx_font.dll
0x00007ffc46bb0000 - 0x00007ffc46e23000 	C:\Windows\SYSTEM32\dwrite.dll
0x00007ffc4bca0000 - 0x00007ffc4bd50000 	C:\Windows\System32\clbcatq.dll
0x00007ffc464c0000 - 0x00007ffc46670000 	C:\Windows\SYSTEM32\WindowsCodecs.dll
0x00007ffc33eb0000 - 0x00007ffc33f0e000 	C:\Windows\system32\dataexchange.dll
0x00007ffc41110000 - 0x00007ffc41395000 	C:\Windows\system32\twinapi.appcore.dll
0x00007ffc0cee0000 - 0x00007ffc0cf12000 	C:\Program Files\Common Files\Microsoft Shared\Ink\rtscom.dll
0x00007ffc36070000 - 0x00007ffc361ba000 	C:\Windows\SYSTEM32\textinputframework.dll
0x00007ffc47cf0000 - 0x00007ffc47e23000 	C:\Windows\SYSTEM32\CoreMessaging.dll
0x00007ffc43630000 - 0x00007ffc4399c000 	C:\Windows\SYSTEM32\CoreUIComponents.dll
0x00007ffc4a970000 - 0x00007ffc4a97c000 	C:\Windows\SYSTEM32\CRYPTBASE.DLL

dbghelp: loaded successfully - version: 4.0.5 - missing functions: none
symbol engine: initialized successfully - sym options: 0x614 - pdb path: .;C:\Program Files\Java\jdk-11\bin;C:\Windows\SYSTEM32;C:\Windows\WinSxS\amd64_microsoft.windows.common-controls_6595b64144ccf1df_6.0.22621.2506_none_270c5ae97388e100;C:\Program Files\Java\jdk-11\bin\server;C:\Users\steve\Downloads\openjfx-17.0.7_windows-x64_bin-sdk\javafx-sdk-17.0.7\bin;C:\Windows\System32\DriverStore\FileRepository\u0390835.inf_amd64_66888840aa4163cc\B390488;C:\Program Files\Common Files\Microsoft Shared\Ink

VM Arguments:
jvm_args: -Dfile.encoding=Cp1252 --module-path=D:\BAD\CLminton\CLminton\CLminton\bin;C:\Users\steve\Downloads\mysql-connector-java-8.0.24.jar;C:\Users\steve\Downloads\openjfx-17.0.7_windows-x64_bin-sdk\javafx-sdk-17.0.7\lib\javafx.base.jar;C:\Users\steve\Downloads\openjfx-17.0.7_windows-x64_bin-sdk\javafx-sdk-17.0.7\lib\javafx.controls.jar;C:\Users\steve\Downloads\openjfx-17.0.7_windows-x64_bin-sdk\javafx-sdk-17.0.7\lib\javafx.fxml.jar;C:\Users\steve\Downloads\openjfx-17.0.7_windows-x64_bin-sdk\javafx-sdk-17.0.7\lib\javafx.graphics.jar;C:\Users\steve\Downloads\openjfx-17.0.7_windows-x64_bin-sdk\javafx-sdk-17.0.7\lib\javafx.media.jar;C:\Users\steve\Downloads\openjfx-17.0.7_windows-x64_bin-sdk\javafx-sdk-17.0.7\lib\javafx.swing.jar;C:\Users\steve\Downloads\openjfx-17.0.7_windows-x64_bin-sdk\javafx-sdk-17.0.7\lib\javafx.web.jar;C:\Users\steve\Downloads\openjfx-17.0.7_windows-x64_bin-sdk\javafx-sdk-17.0.7\lib\javafx-swt.jar -Djdk.module.main=CLminton 
java_command: CLminton/view.HistoryAdminPage
java_class_path (initial): <not set>
Launcher Type: SUN_STANDARD

[Global flags]
     intx CICompilerCount                          = 12                                        {product} {ergonomic}
     uint ConcGCThreads                            = 3                                         {product} {ergonomic}
     uint G1ConcRefinementThreads                  = 13                                        {product} {ergonomic}
   size_t G1HeapRegionSize                         = 1048576                                   {product} {ergonomic}
    uintx GCDrainStackTargetSize                   = 64                                        {product} {ergonomic}
   size_t InitialHeapSize                          = 98566144                                  {product} {ergonomic}
   size_t MarkStackSize                            = 4194304                                   {product} {ergonomic}
   size_t MaxHeapSize                              = 1570766848                                {product} {ergonomic}
   size_t MaxNewSize                               = 941621248                                 {product} {ergonomic}
   size_t MinHeapDeltaBytes                        = 1048576                                   {product} {ergonomic}
    uintx NonNMethodCodeHeapSize                   = 7594288                                {pd product} {ergonomic}
    uintx NonProfiledCodeHeapSize                  = 122031976                              {pd product} {ergonomic}
    uintx ProfiledCodeHeapSize                     = 122031976                              {pd product} {ergonomic}
    uintx ReservedCodeCacheSize                    = 251658240                              {pd product} {ergonomic}
     bool SegmentedCodeCache                       = true                                      {product} {ergonomic}
     bool UseCompressedClassPointers               = true                                 {lp64_product} {ergonomic}
     bool UseCompressedOops                        = true                                 {lp64_product} {ergonomic}
     bool UseG1GC                                  = true                                      {product} {ergonomic}
     bool UseLargePagesIndividualAllocation        = false                                  {pd product} {ergonomic}

Logging:
Log output configuration:
 #0: stdout all=warning uptime,level,tags
 #1: stderr all=off uptime,level,tags

Environment Variables:
PATH=C:/Program Files/Java/jre1.8.0_291/bin/server;C:/Program Files/Java/jre1.8.0_291/bin;C:/Program Files/Java/jre1.8.0_291/lib/amd64;C:\Program Files\Common Files\Oracle\Java\javapath;C:\Program Files (x86)\Common Files\Oracle\Java\javapath;C:\Windows\system32;C:\Windows;C:\Windows\System32\Wbem;C:\Windows\System32\WindowsPowerShell\v1.0\;C:\Windows\System32\OpenSSH\;C:\Program Files\Microsoft SQL Server\Client SDK\ODBC\170\Tools\Binn\;C:\Program Files (x86)\Microsoft SQL Server\150\Tools\Binn\;C:\Program Files\Microsoft SQL Server\150\Tools\Binn\;C:\Program Files\Microsoft SQL Server\150\DTS\Binn\;C:\Program Files (x86)\Microsoft SQL Server\150\DTS\Binn\;C:\Program Files\Azure Data Studio\bin;C:\Users\steve\AppData\Local\Microsoft\WindowsApps;;C:\Program Files\Azure Data Studio\bin;C:\Users\steve\Downloads\eclipse-java-2020-06-R-win32-x86_64\eclipse;
USERNAME=steve
OS=Windows_NT
PROCESSOR_IDENTIFIER=AMD64 Family 23 Model 104 Stepping 1, AuthenticAMD



---------------  S Y S T E M  ---------------

OS: Windows 11 , 64 bit Build 22621 (10.0.22621.2506)

CPU:total 16 (initial active 16) (16 cores per cpu, 2 threads per core) family 23 model 104 stepping 1 microcode 0x0, cmov, cx8, fxsr, mmx, sse, sse2, sse3, ssse3, sse4.1, sse4.2, popcnt, avx, avx2, aes, clmul, mmxext, 3dnowpref, lzcnt, sse4a, ht, tsc, tscinvbit, tscinv, bmi1, bmi2, adx,

Memory: 4k page, system-wide physical 5989M (396M free)
TotalPageFile size 24421M (AvailPageFile size 1M)
current process WorkingSet (physical memory assigned to process): 126M, peak: 126M
current process commit charge ("private bytes"): 255M, peak: 255M

vm_info: Java HotSpot(TM) 64-Bit Server VM (11.0.18+9-LTS-195) for windows-amd64 JRE (11.0.18+9-LTS-195), built on Dec  6 2022 15:50:58 by "mach5one" with MS VC++ 17.1 (VS2022)

END.
